<?xml version="1.0" encoding="UTF-8" standalone="no"?>
<testsuite errors="0" failures="29" name="io.cucumber.core.plugin.JUnitFormatter" skipped="0" tests="122" time="288.835">
<testcase classname="Heading" name="Validating the heading of Registration form" time="0.091">
<failure message="" type="java.lang.NullPointerException"><![CDATA[Given User is on LMS website................................................passed
When User lands on Registration page........................................failed
Then User sees the registration heading on the form as 'Registration Form'..skipped

StackTrace:
java.lang.NullPointerException
	at org.openqa.selenium.support.pagefactory.DefaultElementLocator.findElement(DefaultElementLocator.java:69)
	at org.openqa.selenium.support.pagefactory.internal.LocatingElementHandler.invoke(LocatingElementHandler.java:38)
	at com.sun.proxy.$Proxy18.click(Unknown Source)
	at com.lms.pages.RegistrationPage.registration_click(RegistrationPage.java:45)
	at stepdefinitions.RegistrationHeadingSteps.user_lands_on_registration_page(RegistrationHeadingSteps.java:25)
	at ✽.User lands on Registration page(file:///D:/JavaSeleniumExamples/LMSNinjaHuntersBDD/src/test/resources/features/Feature0registerfeatures/Step1_RegistrationHeading.feature:6)
]]></failure>
</testcase>
<testcase classname="Login Button" name="Validating the Login button visibility" time="0.008">
<failure message="" type="java.lang.NullPointerException"><![CDATA[Given User is on LMS website................................................passed
When User lands on Registration page........................................failed
Then User sees a button with text 'Log in' on the form......................skipped

StackTrace:
java.lang.NullPointerException
	at org.openqa.selenium.support.pagefactory.DefaultElementLocator.findElement(DefaultElementLocator.java:69)
	at org.openqa.selenium.support.pagefactory.internal.LocatingElementHandler.invoke(LocatingElementHandler.java:38)
	at com.sun.proxy.$Proxy18.click(Unknown Source)
	at com.lms.pages.RegistrationPage.registration_click(RegistrationPage.java:45)
	at stepdefinitions.RegistrationHeadingSteps.user_lands_on_registration_page(RegistrationHeadingSteps.java:25)
	at ✽.User lands on Registration page(file:///D:/JavaSeleniumExamples/LMSNinjaHuntersBDD/src/test/resources/features/Feature0registerfeatures/Step2_RegistrationLogin.feature:6)
]]></failure>
</testcase>
<testcase classname="Login Button" name="Validating the Login button functionality" time="0.006">
<failure message="" type="java.lang.NullPointerException"><![CDATA[Given User is on Registration page..........................................passed
When User selects the Log in Button.........................................failed
Then User lands on Log in page..............................................skipped

StackTrace:
java.lang.NullPointerException
	at org.openqa.selenium.support.pagefactory.DefaultElementLocator.findElement(DefaultElementLocator.java:69)
	at org.openqa.selenium.support.pagefactory.internal.LocatingElementHandler.invoke(LocatingElementHandler.java:38)
	at com.sun.proxy.$Proxy18.click(Unknown Source)
	at com.lms.pages.RegistrationPage.click_login(RegistrationPage.java:41)
	at stepdefinitions.RegistrationLoginSteps.user_selects_the_log_in_button(RegistrationLoginSteps.java:26)
	at ✽.User selects the Log in Button(file:///D:/JavaSeleniumExamples/LMSNinjaHuntersBDD/src/test/resources/features/Feature0registerfeatures/Step2_RegistrationLogin.feature:11)
]]></failure>
</testcase>
<testcase classname="Sing Up Button" name="Validating the Sign Up button visibility" time="0.006">
<failure message="" type="java.lang.NullPointerException"><![CDATA[Given User is on LMS website................................................passed
When User lands on Registration page........................................failed
Then User sees a button with text 'Sign Up' on the form.....................skipped

StackTrace:
java.lang.NullPointerException
	at org.openqa.selenium.support.pagefactory.DefaultElementLocator.findElement(DefaultElementLocator.java:69)
	at org.openqa.selenium.support.pagefactory.internal.LocatingElementHandler.invoke(LocatingElementHandler.java:38)
	at com.sun.proxy.$Proxy18.click(Unknown Source)
	at com.lms.pages.RegistrationPage.registration_click(RegistrationPage.java:45)
	at stepdefinitions.RegistrationHeadingSteps.user_lands_on_registration_page(RegistrationHeadingSteps.java:25)
	at ✽.User lands on Registration page(file:///D:/JavaSeleniumExamples/LMSNinjaHuntersBDD/src/test/resources/features/Feature0registerfeatures/Step3_RegistrationSignUp.feature:6)
]]></failure>
</testcase>
<testcase classname="Validating text fields on the registration page" name="User fills the First Name field" time="0.022">
<failure message="The scenario has pending or undefined step(s)" type="java.lang.Exception"><![CDATA[Given User is on Registration page..........................................passed
When User fills the 'First Name' in Alphabets only..........................undefined
Then 'First Name' will be displayed.........................................skipped
]]></failure>
</testcase>
<testcase classname="Validating text fields on the registration page" name="User fills the Last Name field" time="0.006">
<failure message="The scenario has pending or undefined step(s)" type="java.lang.Exception"><![CDATA[Given User is on Registration page..........................................passed
When User fills the 'Last Name' in Alphabets only...........................undefined
Then 'Last Name' will be displayed..........................................skipped
]]></failure>
</testcase>
<testcase classname="Validating text fields on the registration page" name="User fills the Address field" time="0.006">
<failure message="The scenario has pending or undefined step(s)" type="java.lang.Exception"><![CDATA[Given User is on Registration page..........................................passed
When User fills the 'Address Field' using Alpha Numerics and or Symbols.....passed
Then 'Address' will be displayed............................................undefined
]]></failure>
</testcase>
<testcase classname="Validating text fields on the registration page" name="User fills the Street Name field" time="0.004">
<failure message="The scenario has pending or undefined step(s)" type="java.lang.Exception"><![CDATA[Given User is on Registration page..........................................passed
When User fills the 'Street Name' Field using Alpha Numerics and or Symbols.passed
Then 'Street Name' will be displayed........................................undefined
]]></failure>
</testcase>
<testcase classname="Validating text fields on the registration page" name="User fills the City Name field" time="0.003">
<failure message="The scenario has pending or undefined step(s)" type="java.lang.Exception"><![CDATA[Given User is on Registration page..........................................passed
When User fills the 'City Name' in Alphabets only...........................undefined
Then 'City Name' will be displayed..........................................skipped
]]></failure>
</testcase>
<testcase classname="Validating text fields on the registration page" name="User selects the State field" time="0.008">
<failure message="The scenario has pending or undefined step(s)" type="java.lang.Exception"><![CDATA[Given User is on Registration page..........................................passed
When User selects the respective State Name from the DropBox................passed
Then 'State Name' will be displayed.........................................undefined
]]></failure>
</testcase>
<testcase classname="Validating text fields on the registration page" name="User fills the Zip field" time="0.003">
<failure message="The scenario has pending or undefined step(s)" type="java.lang.Exception"><![CDATA[Given User is on Registration page..........................................passed
When User fills the 5 digit zip code using Numbers only.....................passed
Then 'Zip Code' will be displayed...........................................undefined
]]></failure>
</testcase>
<testcase classname="Validating text fields on the registration page" name="User selects the Birth Date" time="0.004">
<failure message="The scenario has pending or undefined step(s)" type="java.lang.Exception"><![CDATA[Given User is on Registration page..........................................passed
When User selects Date of Birth from the calender...........................passed
Then 'Birth Date' will be displayed.........................................undefined
]]></failure>
</testcase>
<testcase classname="Validating text fields on the registration page" name="User fills the UserName" time="0.003">
<failure message="The scenario has pending or undefined step(s)" type="java.lang.Exception"><![CDATA[Given User is on Registration page..........................................passed
When User fills the valid unique UserName...................................passed
Then 'UserName' will be displayed...........................................undefined
]]></failure>
</testcase>
<testcase classname="Validating text fields on the registration page" name="User fills the Phone Number" time="0.003">
<failure message="The scenario has pending or undefined step(s)" type="java.lang.Exception"><![CDATA[Given User is on Registration page..........................................passed
When User fills the valid 10 digit Mobile Number in Numerics................passed
Then 'Mobile Number' will be displayed......................................undefined
]]></failure>
</testcase>
<testcase classname="Validating text fields on the registration page" name="User fills the Email" time="0.005">
<failure message="The scenario has pending or undefined step(s)" type="java.lang.Exception"><![CDATA[Given User is on Registration page..........................................passed
When User fills the valid Email.............................................passed
Then 'Email' will be displayed..............................................undefined
]]></failure>
</testcase>
<testcase classname="Validating text fields on the registration page" name="User fills the Password" time="0.004">
<failure message="The scenario has pending or undefined step(s)" type="java.lang.Exception"><![CDATA[Given User is on Registration page..........................................passed
When User fills the valid password with 1 upper case, 1 Numeric and 1 special character and 8 characters.passed
Then 'UserPassword' will be displayed.......................................undefined
]]></failure>
</testcase>
<testcase classname="Validating text fields on the registration page" name="Validating the sign Up form with all fields empty" time="0.01">
<system-out><![CDATA[Given User is on Registration page..........................................passed
When User enters submit button with all fields empty........................passed
Then User should get a message 'Please fill all fields above'...............passed
]]></system-out>
</testcase>
<testcase classname="Validating text fields on the registration page" name="Validating the First Name field on Registration Page" time="0.003">
<system-out><![CDATA[Given User is on Registration page..........................................passed
When User click Sign Up button with invalid 'First Name'....................passed
Then User should get a message 'Please fill valid First Name'...............passed
]]></system-out>
</testcase>
<testcase classname="Validating text fields on the registration page" name="Validating the Last Name field on Registration Page" time="0.003">
<system-out><![CDATA[Given User is on Registration page..........................................passed
When User click Sign Up button with invalid 'Last Name'.....................passed
Then User should get a message 'Please fill valid Last Name'................passed
]]></system-out>
</testcase>
<testcase classname="Validating text fields on the registration page" name="Validating the Address field on Registration Page" time="0.003">
<system-out><![CDATA[Given User is on Registration page..........................................passed
When User click Sign Up button with invalid 'Address'.......................passed
Then User should get a message 'Please fill valid Address'..................passed
]]></system-out>
</testcase>
<testcase classname="Validating text fields on the registration page" name="Validating the Zip field on Registration Page" time="0.003">
<system-out><![CDATA[Given User is on Registration page..........................................passed
When User click Sign Up button with invalid 'Zip'...........................passed
Then User should get a message 'Please fill valid Zip'......................passed
]]></system-out>
</testcase>
<testcase classname="Validating text fields on the registration page" name="Validating the City field on Registration Page" time="0.008">
<system-out><![CDATA[Given User is on Registration page..........................................passed
When User click Sign Up button with invalid 'City'..........................passed
Then User should get a message 'Please fill valid City'.....................passed
]]></system-out>
</testcase>
<testcase classname="Validating text fields on the registration page" name="Validating the State field on Registration Page" time="0.002">
<system-out><![CDATA[Given User is on Registration page..........................................passed
When User click Sign Up button with invalid 'State'.........................passed
Then User should get a message 'Please fill valid State'....................passed
]]></system-out>
</testcase>
<testcase classname="Validating text fields on the registration page" name="Validating the Phone Number field on Registration Page" time="0.003">
<system-out><![CDATA[Given User is on Registration page..........................................passed
When User click Sign Up button with invalid 'Phone Number'..................passed
Then User should get a message 'Please fill valid Phone Number'.............passed
]]></system-out>
</testcase>
<testcase classname="Validating text fields on the registration page" name="Validating the BirthDate field on Registration Page" time="0.004">
<system-out><![CDATA[Given User is on Registration page..........................................passed
When User click Sign Up button without selecting BirthDate..................passed
Then User should get a message 'Please select BirthDate'....................passed
]]></system-out>
</testcase>
<testcase classname="Validating text fields on the registration page" name="Validating the UserName field on Registration Page" time="0.003">
<system-out><![CDATA[Given User is on Registration page..........................................passed
When User click Sign Up button with invalid 'UserName'......................passed
Then User should get a message 'Please fill valid UserName'.................passed
]]></system-out>
</testcase>
<testcase classname="Validating text fields on the registration page" name="Validating the email field on Registration Page" time="0.002">
<system-out><![CDATA[Given User is on Registration page..........................................passed
When User click Sign Up button with invalid 'Email'.........................passed
Then User should get a message 'Please fill valid Email'....................passed
]]></system-out>
</testcase>
<testcase classname="Validating text fields on the registration page" name="Validating the Password field on Registration Page" time="0.006">
<system-out><![CDATA[Given User is on Registration page..........................................passed
When User click Sign Up button with invalid 'Password'......................passed
Then User should get a message 'Please fill valid Password'.................passed
]]></system-out>
</testcase>
<testcase classname="Validating text fields on the registration page" name="Validating the signup form with existing username" time="0.002">
<system-out><![CDATA[Given User is on Registration page..........................................passed
When User click Sign Up button with existing userName.......................passed
Then User should get a message 'Username already exists'....................passed
]]></system-out>
</testcase>
<testcase classname="Validating text fields on the registration page" name="Validating the signup form with valid data" time="0.003">
<system-out><![CDATA[Given User is on Registration page..........................................passed
When User enters all field value and click 'Sign Up' button.................passed
Then User should get a message 'Registration Successfull'...................passed
]]></system-out>
</testcase>
<testcase classname="Login Page" name="Validating the url" time="4.15">
<system-out><![CDATA[Given User is on the browser................................................passed
When User opens the LMS website.............................................passed
Then User should see the Login Page.........................................passed
]]></system-out>
</testcase>
<testcase classname="Login Page" name="Validating Login functionality with invalid password field" time="0.586">
<system-out><![CDATA[Given User is on the Login Page.............................................passed
When User clicks the Login Button after entering invalid password 'test'....passed
Then User should receive the message 'Invalid username and password Please try again'.passed
]]></system-out>
</testcase>
<testcase classname="Login Page" name="Validating Login functionality with invalid username field" time="0.632">
<system-out><![CDATA[Given User is on the Login Page.............................................passed
When User clicks the Login Button after entering invalid username 'testing'.passed
Then User should receive the message 'Invalid username and password Please try again'.passed
]]></system-out>
</testcase>
<testcase classname="Login Page" name="Validating Login functionality with valid username and password" time="0.397">
<system-out><![CDATA[Given User is on the Login Page.............................................passed
When User clicks the Login Button after entering valid 'LSM' and 'LMS'......passed
Then User should see the LMS HomePage.......................................passed
]]></system-out>
</testcase>
<testcase classname="Feature to Validate MenuBarButtons of LMS UI HomePage" name="Verify Visibility of ProgramButton in HomePage" time="0.039">
<system-out><![CDATA[Given User opens browser....................................................passed
When User landed on the Home page after logging into the LMS website........passed
Then User should see a button with text "Program" on the menu bar...........passed
]]></system-out>
</testcase>
<testcase classname="Feature to Validate MenuBarButtons of LMS UI HomePage" name="Verify Visibility of BatchButton in HomePage" time="0.04">
<system-out><![CDATA[Given User opens browser....................................................passed
When User landed on the Home page after logging into the LMS website........passed
Then User should see a button with text "Batch" on the menu bar.............passed
]]></system-out>
</testcase>
<testcase classname="Feature to Validate MenuBarButtons of LMS UI HomePage" name="Verify Visibility of UserButton in HomePage" time="0.035">
<system-out><![CDATA[Given User opens browser....................................................passed
When User landed on the Home page after logging into the LMS website........passed
Then User should see a button with text "User" on the menu bar..............passed
]]></system-out>
</testcase>
<testcase classname="Feature to Validate MenuBarButtons of LMS UI HomePage" name="Verify Visibility of AssignmentButton in HomePage" time="0.043">
<system-out><![CDATA[Given User opens browser....................................................passed
When User landed on the Home page after logging into the LMS website........passed
Then User should see a button with text "Assignment" on the menu bar........passed
]]></system-out>
</testcase>
<testcase classname="Feature to Validate MenuBarButtons of LMS UI HomePage" name="Verify Visibility of AttendanceButton in HomePage" time="0.034">
<system-out><![CDATA[Given User opens browser....................................................passed
When User landed on the Home page after logging into the LMS website........passed
Then User should see a button with text "Attendance" on the menu bar........passed
]]></system-out>
</testcase>
<testcase classname="Feature to Validate MenuBarButtons of LMS UI HomePage" name="Verify Visibility of LogoutButton in HomePage" time="0.025">
<system-out><![CDATA[Given User opens browser....................................................passed
When User landed on the Home page after logging into the LMS website........passed
Then User should see a button with text "Logout" on the menu bar............passed
]]></system-out>
</testcase>
<testcase classname="Feature to Validate Heading of LMS UI HomePage" name="Verify  the heading of the Home page" time="0.108">
<system-out><![CDATA[Given User opens browser....................................................passed
When User landed on the Home page after logging into the LMS website........passed
Then User should see heading with text "LMS - Learning Management System" on the Home page.passed
]]></system-out>
</testcase>
<testcase classname="Feature to Validate Title of LMS UI HomePage" name="Verify  the title of the Home page" time="0.022">
<system-out><![CDATA[Given User opens browser....................................................passed
When User landed on the Home page after logging into the LMS website........passed
Then verify that title of the page is "LMS".................................passed
]]></system-out>
</testcase>
<testcase classname="Feature to Validate Heading of LMS UI Program Page" name="Verify  the heading of the Program page" time="0.126">
<system-out><![CDATA[Given User is logged into LMS website.......................................passed
When User is on Program page................................................passed
Then User should see a heading with text "Manage Program" on the Program page.passed
]]></system-out>
</testcase>
<testcase classname="Feature to Validate Footer of LMS UI Program Page" name="Validate the text below the table" time="0.103">
<system-out><![CDATA[Given User is logged on to LMS website......................................passed
When User is on Program page................................................passed
Then User should see the text as "Showing {x} to {y} of {z} entries" below the table in ProgramPage..passed
]]></system-out>
</testcase>
<testcase classname="Feature to Validate Footer of LMS UI Program Page" name="Validate the footer" time="0.499">
<system-out><![CDATA[Given User is logged on to LMS website......................................passed
When User is on Program page................................................passed
Then User should see the footer as "In total there are {z}  programs" in ProgramPage..passed
]]></system-out>
</testcase>
<testcase classname="Feature to Validate state of DeleteButton of LMS UI Program Page" name="Validating the default state of Delete button" time="0.112">
<system-out><![CDATA[Given User is logged on to LMS website......................................passed
When User is on Program page................................................passed
Then User should see the Delete button on the top left hand side as Disabled in ProgramPage.passed
]]></system-out>
</testcase>
<testcase classname="Feature to Validate No.of.Records in LMS UI Program Page" name="Validate that number of records displayed" time="0.109">
<system-out><![CDATA[Given User is logged on to LMS website......................................passed
When User is on Program page................................................passed
Then Verify that number of records  displayed on the programpage............passed
]]></system-out>
</testcase>
<testcase classname="Feature to Validate SearchProgram of LMS UI Program Page" name="Validate Search Feature" time="0.078">
<system-out><![CDATA[Given User is logged on to LMS website......................................passed
When User is on Program page................................................passed
Then Text box used for search has text as 'Search...' in ProgramPage........passed
]]></system-out>
</testcase>
<testcase classname="Feature to Validate SearchProgram of LMS UI Program Page" name="Search Program By Name" time="2.342">
<system-out><![CDATA[Given User is on Program page...............................................passed
When User enters <name phrase> into search box from ProgramPage.............passed
Then Entries for <name phrase> are shown in ProgramPage.....................passed
]]></system-out>
</testcase>
<testcase classname="Feature to Validate SearchProgram of LMS UI Program Page" name="Search Program By Description" time="2.329">
<system-out><![CDATA[Given User is on Program page...............................................passed
When User enters <description phrase> into search box from ProgramPage......passed
Then Entries for <description phrase> are shown in ProgramPage..............passed
]]></system-out>
</testcase>
<testcase classname="Feature to Validate SearchProgram of LMS UI Program Page" name="Search Program By Status" time="3.796">
<system-out><![CDATA[Given User is on Program page...............................................passed
When User enters <status phrase> into search box in ProgramPage.............passed
Then Entries for <status phrase> are shown in ProgramPage...................passed
]]></system-out>
</testcase>
<testcase classname="Feature to Validate Edit Program of LMS UI Program Page" name="Select Program" time="2.193">
<system-out><![CDATA[Given User is on Program page...............................................passed
When User selects Program using checkbox....................................passed
Then Program gets selected..................................................passed
]]></system-out>
</testcase>
<testcase classname="Feature to Validate Edit Program of LMS UI Program Page" name="Edit Feature" time="0.277">
<system-out><![CDATA[Given User is on Program page...............................................passed
When User clicks on <Edit> button in ProgramPage............................passed
Then User is on Program Details form........................................passed
]]></system-out>
</testcase>
<testcase classname="Feature to Validate Edit Program of LMS UI Program Page" name="Edit Program Name" time="2.294">
<system-out><![CDATA[Given User is on Program Details form.......................................passed
When User edits Name and selects the Save button in ProgramPage.............passed
Then User can see updated Name in ProgramPage...............................passed
]]></system-out>
</testcase>
<testcase classname="Feature to Validate Edit Program of LMS UI Program Page" name="Edit Program Description" time="2.262">
<system-out><![CDATA[Given User is on Program Details form.......................................passed
When User edits Description and selects the Save button in ProgramPage......passed
Then User can see updated Description in ProgramPage........................passed
]]></system-out>
</testcase>
<testcase classname="Feature to Validate Edit Program of LMS UI Program Page" name="Change Program Status" time="2.257">
<system-out><![CDATA[Given User is on Program Details form.......................................passed
When User changes status and selects the Save button in ProgramPage.........passed
Then User can see updated status in ProgramPage.............................passed
]]></system-out>
</testcase>
<testcase classname="Feature to Validate Edit Program of LMS UI Program Page" name="Click Save" time="0.204">
<system-out><![CDATA[Given User is on Program Details form.......................................passed
When User clicks <Save> button in ProgramPage...............................passed
Then User can see 'Successful Program Updated' message in ProgramPage.......passed
]]></system-out>
</testcase>
<testcase classname="Feature to Validate Delete Functionality of LMS UI Program Page" name="Select Program" time="2.311">
<system-out><![CDATA[Given User is on Program page...............................................passed
When User selects Program using checkbox....................................passed
Then Program gets selected..................................................passed
]]></system-out>
</testcase>
<testcase classname="Feature to Validate Delete Functionality of LMS UI Program Page" name="Delete Feature" time="0.218">
<system-out><![CDATA[Given User is on Program page...............................................passed
When User clicks on <Delete> button.........................................passed
Then User lands on Confirm Deletion form....................................passed
]]></system-out>
</testcase>
<testcase classname="Feature to Validate Delete Functionality of LMS UI Program Page" name="Click Yes" time="0.139">
<system-out><![CDATA[Given User is on Confirm Deletion form......................................passed
When User clicks <Yes> button...............................................passed
Then User can see 'Successful Program Deleted' message......................passed
]]></system-out>
</testcase>
<testcase classname="Feature to Validate Delete Functionality of LMS UI Program Page" name="Click No" time="2.293">
<system-out><![CDATA[Given User clicks on <Delete> button........................................passed
When User clicks <No> button................................................passed
Then User can see Confirm Deletion form disappears..........................passed
]]></system-out>
</testcase>
<testcase classname="Feature to Validate Add Program Functionality of LMS UI Program Page" name="Validate Add New Program" time="0.46">
<system-out><![CDATA[Given User is on Program page...............................................passed
When User clicks <A New Program> button.....................................passed
Then User is on Program Details form........................................passed
]]></system-out>
</testcase>
<testcase classname="Feature to Validate Add Program Functionality of LMS UI Program Page" name="Empty form submission" time="0.42">
<system-out><![CDATA[Given User is on Program Details form.......................................passed
When User clicks <Save> button without entering data in Programdetailsform..passed
Then User gets message 'Name is required.' in PgmPage.......................passed
]]></system-out>
</testcase>
<testcase classname="Feature to Validate Add Program Functionality of LMS UI Program Page" name="Enter Program Name" time="2.292">
<system-out><![CDATA[Given User is on Program Details form.......................................passed
When User enters <Name> in text box in Programdetailsform...................passed
Then User can see name entered in PgmPage...................................passed
]]></system-out>
</testcase>
<testcase classname="Feature to Validate Add Program Functionality of LMS UI Program Page" name="Enter Program Description" time="2.273">
<system-out><![CDATA[Given User is on Program Details form.......................................passed
When User enters <Description> in text box in Programdetailsform............passed
Then User can see Description entered in PgmPage............................passed
]]></system-out>
</testcase>
<testcase classname="Feature to Validate Add Program Functionality of LMS UI Program Page" name="Select Status" time="2.27">
<system-out><![CDATA[Given User is on Program Details form.......................................passed
When User selects <Status> using radiobutton in Programdetailsform..........passed
Then User can see status selected in PgmPage................................passed
]]></system-out>
</testcase>
<testcase classname="Feature to Validate Add Program Functionality of LMS UI Program Page" name="Click Save" time="0.19">
<system-out><![CDATA[Given User is on Program Details form.......................................passed
When User clicks <Save> button in Programdetailsform........................passed
Then User gets message 'Successful Program created' in PgmPage..............passed
]]></system-out>
</testcase>
<testcase classname="Feature to Validate Muliple program Deletion Functionality of LMS UI Program Page" name="Select multiple Program" time="4.474">
<system-out><![CDATA[Given User is on Program page...............................................passed
When User selects more than one Program using checkbox......................passed
Then multiple Program gets selected.........................................passed
]]></system-out>
</testcase>
<testcase classname="Feature to Validate Muliple program Deletion Functionality of LMS UI Program Page" name="Delete Feature" time="2.209">
<system-out><![CDATA[Given User is on Program page...............................................passed
When User clicks on <Delete> button on top left corner......................passed
Then User lands on Confirm Deletion form....................................passed
]]></system-out>
</testcase>
<testcase classname="Feature to Validate Muliple program Deletion Functionality of LMS UI Program Page" name="Click Yes" time="0.137">
<system-out><![CDATA[Given User is on Confirm Deletion form......................................passed
When User clicks <Yes> button...............................................passed
Then User can see 'Successful Programs Deleted' message.....................passed
]]></system-out>
</testcase>
<testcase classname="Feature to Validate Muliple program Deletion Functionality of LMS UI Program Page" name="Click No" time="8.698">
<system-out><![CDATA[Given User is on Program page...............................................passed
When User selects more than one Program using checkbox......................passed
When User clicks on <Delete> button on top left corner......................passed
When User clicks <No> button................................................passed
Then User can see Confirm Deletion form disappears..........................passed
]]></system-out>
</testcase>
<testcase classname="Validate pagination functionality of LMS UI Program Page" name="Verify previous link on the first page" time="0.091">
<system-out><![CDATA[Given User is logged on to LMS website......................................passed
When User is on first page of Manage Program................................passed
Then Verify that previous link is disabled..................................passed
]]></system-out>
</testcase>
<testcase classname="Validate pagination functionality of LMS UI Program Page" name="Verify next link" time="0.313">
<system-out><![CDATA[Given User is on first page.................................................passed
When User clicks navigate > button..........................................passed
Then User is on page number '2'.............................................passed
]]></system-out>
</testcase>
<testcase classname="Validate pagination functionality of LMS UI Program Page" name="Verify previous link on the first page" time="0.415">
<system-out><![CDATA[Given User is on page number '2'............................................passed
When User clicks navigate < button..........................................passed
Then User is on page number '1'.............................................passed
]]></system-out>
</testcase>
<testcase classname="Validate pagination functionality of LMS UI Program Page" name="Verify next link on the last page" time="0.18">
<system-out><![CDATA[Given User is logged on to LMS website......................................passed
When User is on last page of Manage Program.................................passed
Then Verify that next link is disabled......................................passed
]]></system-out>
</testcase>
<testcase classname="Validate the Results are displayed in ascending order" name="Verify that the results are displayed in Ascending order of Program name" time="2.835">
<system-out><![CDATA[Given User is on first page of Manage Program...............................passed
When User clicks on the Ascending arrow (down ) near to the Program name....passed
Then User can see the results in Ascending order of Program name............passed
]]></system-out>
</testcase>
<testcase classname="Validate the Results are displayed in ascending order" name="Verify that the results are displayed in Ascending order of Program Description" time="2.844">
<system-out><![CDATA[Given User is on first page of Manage Program...............................passed
When User clicks on the Ascending arrow (down ) near to the Program Description.passed
Then User can see the results in Ascending order of Program Description.....passed
]]></system-out>
</testcase>
<testcase classname="Validate the Results are displayed in ascending order" name="Verify that the results are displayed in Ascending order of Program Status" time="2.838">
<system-out><![CDATA[Given User is on first page of Manage Program...............................passed
When User clicks on the Ascending arrow (down ) near to the Program status..passed
Then User can see the results in Ascending order of Program status..........passed
]]></system-out>
</testcase>
<testcase classname="Validate the Results are displayed in descending order" name="Verify that the results are displayed in descending order of Program name" time="2.741">
<system-out><![CDATA[Given User is on first page of Manage Program...............................passed
When User clicks on the descending arrow (down ) near to the Program name...passed
Then User can see the results in descending order of Program name...........passed
]]></system-out>
</testcase>
<testcase classname="Validate the Results are displayed in descending order" name="Verify that the results are displayed in descending order of Program Description" time="2.834">
<system-out><![CDATA[Given User is on first page of Manage Program...............................passed
When User clicks on the descending arrow (down ) near to the Program Description.passed
Then User can see the results in descending order of Program Description....passed
]]></system-out>
</testcase>
<testcase classname="Validate the Results are displayed in descending order" name="Verify that the results are displayed in descending order of Program Status" time="2.84">
<system-out><![CDATA[Given User is on first page of Manage Program...............................passed
When User clicks on the descending arrow (down ) near to the Program status.passed
Then User can see the results in descending order of Program status.........passed
]]></system-out>
</testcase>
<testcase classname="Assignment Heading" name="Validate the heading" time="3.133">
<system-out><![CDATA[Given User is logged on to LMS website......................................passed
When User is on Manage Assignment page......................................passed
Then User should see a heading with text 'Manage Assignment' on the Assignment page.passed
]]></system-out>
</testcase>
<testcase classname="Assignment Footer" name="Validate the text below the table" time="3.097">
<system-out><![CDATA[Given User is logged on to LMS website......................................passed
When User is on Manage Assignment page......................................passed
Then User should see the text as 'Showing 1 to 3 of 3 entries' below the table on Assignment Page.passed
]]></system-out>
</testcase>
<testcase classname="Assignment Footer" name="Validate the footer" time="3.086">
<system-out><![CDATA[Given User is logged on to LMS website......................................passed
When User is on Manage Assignment page......................................passed
Then User should see the footer as 'In total there are 3 assignments.' on Assignment Page.passed
]]></system-out>
</testcase>
<testcase classname="Results in Ascending order" name="Verify that the results are displayed in Ascending order of Assignment name" time="3.061">
<system-out><![CDATA[Given User is on Manage Assignment page.....................................passed
When User clicks onthe Ascending arrow (Up ) near to the Assignment name....passed
Then User can see the results in Ascending order of Assignment name.........passed
]]></system-out>
</testcase>
<testcase classname="Results in Ascending order" name="Verify that the results are displayed in Ascending order of Assignment Description" time="5.283">
<system-out><![CDATA[Given User is on Manage Assignment page.....................................passed
When User clicks onthe Ascending arrow (Up ) near to the Assignment Description.passed
Then User can see the results in Ascending order of Assignment Description..passed
]]></system-out>
</testcase>
<testcase classname="Search Assignment" name="Validate Search Feature" time="3.086">
<system-out><![CDATA[Given User is logged on to LMS website......................................passed
When User is on Manage Assignment page......................................passed
Then Text box used for search has text as 'Search...'.......................passed
]]></system-out>
</testcase>
<testcase classname="Search Assignment" name="Search Assignment By Name" time="4.322">
<system-out><![CDATA[Given User is on  Manage Assignment page....................................passed
When User clicks on search with <name phrase> into search box...............passed
Then Entries for <name phrase> are shown....................................passed
]]></system-out>
</testcase>
<testcase classname="Add new assignment" name="validate add new assignment" time="3.471">
<system-out><![CDATA[Given User is on Manage Assignment page.....................................passed
When User clicks A New Assignment button....................................passed
Then User can see Assignment details form...................................passed
]]></system-out>
</testcase>
<testcase classname="Add new assignment" name="Empty form submission" time="0.226">
<system-out><![CDATA[Given User is on Assignment Details form....................................passed
When User clicks Save button without entering data..........................passed
Then User gets message 'Name is required'...................................passed
]]></system-out>
</testcase>
<testcase classname="Add new assignment" name="Enter Assignment Name" time="0.333">
<system-out><![CDATA[Given User is on Assignment Details form....................................passed
When User enters Assignment name............................................passed
Then User can see Name entered..............................................passed
]]></system-out>
</testcase>
<testcase classname="Add new assignment" name="Enter Assignment Description" time="0.446">
<system-out><![CDATA[Given User is on Assignment Details form....................................passed
When User enters Assignment description.....................................passed
Then User can see Description entered.......................................passed
]]></system-out>
</testcase>
<testcase classname="Add new assignment" name="Enter assignment grade" time="0.358">
<system-out><![CDATA[Given User is on Assignment Details form....................................passed
When User enters assignment grade...........................................passed
Then User can see Grade entered.............................................passed
]]></system-out>
</testcase>
<testcase classname="Add new assignment" name="Enter assignment due date" time="0.481">
<system-out><![CDATA[Given User is on Assignment Details form....................................passed
When User enters assignment due date........................................passed
Then User can see Assignment due date.......................................passed
]]></system-out>
</testcase>
<testcase classname="Add new assignment" name="Click Cancel" time="0.106">
<system-out><![CDATA[Given User is on Assignment Details form....................................passed
When User clicks Cancel button..............................................passed
Then User can get assignment Details form disappears........................passed
]]></system-out>
</testcase>
<testcase classname="Add new assignment" name="Click Save" time="0.095">
<system-out><![CDATA[Given User is on Assignment Details form....................................passed
When User clicks Save button................................................passed
Then User can get 'Successful assignment created' message...................passed
]]></system-out>
</testcase>
<testcase classname="Delete Assignment" name="Click Delete" time="0.331">
<system-out><![CDATA[Given User is on Assignment page............................................passed
When User clicks on a <Delete> button after selecting an assignment.........passed
Then User lands on a Confirm Deletion form..................................passed
]]></system-out>
</testcase>
<testcase classname="Delete Assignment" name="Click No" time="1.122">
<system-out><![CDATA[Given User is on a Confirm Deletion form....................................passed
When User clicks on <No> button.............................................passed
Then User can see a Confirm Deletion form disappears........................passed
]]></system-out>
</testcase>
<testcase classname="Delete Assignment" name="Click Yes" time="1.222">
<failure message="element click intercepted: Element &lt;button _ngcontent-hrg-c150=&quot;&quot; pbutton=&quot;&quot; pripple=&quot;&quot; icon=&quot;pi pi-trash&quot; class=&quot;p-button-rounded p-button-danger p-button p-component p-button-icon-only&quot; ng-reflect-icon=&quot;pi pi-trash&quot;&gt;...&lt;/button&gt; is not clickable at point (1268, 280). Other element would receive the click: &lt;div class=&quot;ng-tns-c133-11 ng-star-inserted p-dialog-mask p-component-overlay p-dialog-mask-scrollblocker&quot; ng-reflect-ng-class=&quot;[object Object]&quot; style=&quot;z-index: 1018;&quot;&gt;...&lt;/div&gt;&#10;  (Session info: chrome=105.0.5195.127)&#10;Build info: version: '3.141.59', revision: 'e82be7d358', time: '2018-11-14T08:17:03'&#10;System info: host: 'DESKTOP-VUHI299', ip: '192.168.0.41', os.name: 'Windows 11', os.arch: 'amd64', os.version: '10.0', java.version: '1.8.0_333'&#10;Driver info: org.openqa.selenium.chrome.ChromeDriver&#10;Capabilities {acceptInsecureCerts: false, browserName: chrome, browserVersion: 105.0.5195.127, chrome: {chromedriverVersion: 105.0.5195.52 (412c95e51883..., userDataDir: C:\Users\Lalitha\AppData\Lo...}, goog:chromeOptions: {debuggerAddress: localhost:59412}, javascriptEnabled: true, networkConnectionEnabled: false, pageLoadStrategy: normal, platform: WINDOWS, platformName: WINDOWS, proxy: Proxy(), setWindowRect: true, strictFileInteractability: false, timeouts: {implicit: 0, pageLoad: 300000, script: 30000}, unhandledPromptBehavior: dismiss and notify, webauthn:extension:credBlob: true, webauthn:extension:largeBlob: true, webauthn:virtualAuthenticators: true}&#10;Session ID: ebfacce6979c2065c12af688c046060b" type="org.openqa.selenium.ElementClickInterceptedException"><![CDATA[Given User is on a Confirm Deletion form....................................passed
When User clicks on <Yes> button............................................failed
Then User can see 'Successful Assignment Deleted' message...................skipped

StackTrace:
org.openqa.selenium.ElementClickInterceptedException: element click intercepted: Element <button _ngcontent-hrg-c150="" pbutton="" pripple="" icon="pi pi-trash" class="p-button-rounded p-button-danger p-button p-component p-button-icon-only" ng-reflect-icon="pi pi-trash">...</button> is not clickable at point (1268, 280). Other element would receive the click: <div class="ng-tns-c133-11 ng-star-inserted p-dialog-mask p-component-overlay p-dialog-mask-scrollblocker" ng-reflect-ng-class="[object Object]" style="z-index: 1018;">...</div>
  (Session info: chrome=105.0.5195.127)
Build info: version: '3.141.59', revision: 'e82be7d358', time: '2018-11-14T08:17:03'
System info: host: 'DESKTOP-VUHI299', ip: '192.168.0.41', os.name: 'Windows 11', os.arch: 'amd64', os.version: '10.0', java.version: '1.8.0_333'
Driver info: org.openqa.selenium.chrome.ChromeDriver
Capabilities {acceptInsecureCerts: false, browserName: chrome, browserVersion: 105.0.5195.127, chrome: {chromedriverVersion: 105.0.5195.52 (412c95e51883..., userDataDir: C:\Users\Lalitha\AppData\Lo...}, goog:chromeOptions: {debuggerAddress: localhost:59412}, javascriptEnabled: true, networkConnectionEnabled: false, pageLoadStrategy: normal, platform: WINDOWS, platformName: WINDOWS, proxy: Proxy(), setWindowRect: true, strictFileInteractability: false, timeouts: {implicit: 0, pageLoad: 300000, script: 30000}, unhandledPromptBehavior: dismiss and notify, webauthn:extension:credBlob: true, webauthn:extension:largeBlob: true, webauthn:virtualAuthenticators: true}
Session ID: ebfacce6979c2065c12af688c046060b
	at sun.reflect.NativeConstructorAccessorImpl.newInstance0(Native Method)
	at sun.reflect.NativeConstructorAccessorImpl.newInstance(NativeConstructorAccessorImpl.java:62)
	at sun.reflect.DelegatingConstructorAccessorImpl.newInstance(DelegatingConstructorAccessorImpl.java:45)
	at java.lang.reflect.Constructor.newInstance(Constructor.java:423)
	at org.openqa.selenium.remote.http.W3CHttpResponseCodec.createException(W3CHttpResponseCodec.java:187)
	at org.openqa.selenium.remote.http.W3CHttpResponseCodec.decode(W3CHttpResponseCodec.java:122)
	at org.openqa.selenium.remote.http.W3CHttpResponseCodec.decode(W3CHttpResponseCodec.java:49)
	at org.openqa.selenium.remote.HttpCommandExecutor.execute(HttpCommandExecutor.java:158)
	at org.openqa.selenium.remote.service.DriverCommandExecutor.execute(DriverCommandExecutor.java:83)
	at org.openqa.selenium.remote.RemoteWebDriver.execute(RemoteWebDriver.java:552)
	at org.openqa.selenium.remote.RemoteWebElement.execute(RemoteWebElement.java:285)
	at org.openqa.selenium.remote.RemoteWebElement.click(RemoteWebElement.java:84)
	at sun.reflect.GeneratedMethodAccessor113.invoke(Unknown Source)
	at sun.reflect.DelegatingMethodAccessorImpl.invoke(DelegatingMethodAccessorImpl.java:43)
	at java.lang.reflect.Method.invoke(Method.java:498)
	at org.openqa.selenium.support.pagefactory.internal.LocatingElementHandler.invoke(LocatingElementHandler.java:51)
	at com.sun.proxy.$Proxy18.click(Unknown Source)
	at com.lms.pages.AssignmentPage.click_yesbtn_fordelete(AssignmentPage.java:377)
	at stepdefinitions.AssignmentDeleteSteps.user_clicks_on_yes_button(AssignmentDeleteSteps.java:44)
	at ✽.User clicks on <Yes> button(file:///D:/JavaSeleniumExamples/LMSNinjaHuntersBDD/src/test/resources/features/Feature4assignmentfeatures/step6_assignment_delete.feature:16)
]]></failure>
</testcase>
<testcase classname="Edit Assignment Details" name="Select Assignment" time="1.248">
<failure message="element click intercepted: Element &lt;div role=&quot;checkbox&quot; ng-reflect-ng-class=&quot;[object Object]&quot; aria-checked=&quot;true&quot; class=&quot;p-checkbox-box p-component p-highlight&quot;&gt;...&lt;/div&gt; is not clickable at point (195, 280). Other element would receive the click: &lt;div class=&quot;ng-tns-c133-11 ng-star-inserted p-dialog-mask p-component-overlay p-dialog-mask-scrollblocker&quot; ng-reflect-ng-class=&quot;[object Object]&quot; style=&quot;z-index: 1018;&quot;&gt;...&lt;/div&gt;&#10;  (Session info: chrome=105.0.5195.127)&#10;Build info: version: '3.141.59', revision: 'e82be7d358', time: '2018-11-14T08:17:03'&#10;System info: host: 'DESKTOP-VUHI299', ip: '192.168.0.41', os.name: 'Windows 11', os.arch: 'amd64', os.version: '10.0', java.version: '1.8.0_333'&#10;Driver info: org.openqa.selenium.chrome.ChromeDriver&#10;Capabilities {acceptInsecureCerts: false, browserName: chrome, browserVersion: 105.0.5195.127, chrome: {chromedriverVersion: 105.0.5195.52 (412c95e51883..., userDataDir: C:\Users\Lalitha\AppData\Lo...}, goog:chromeOptions: {debuggerAddress: localhost:59412}, javascriptEnabled: true, networkConnectionEnabled: false, pageLoadStrategy: normal, platform: WINDOWS, platformName: WINDOWS, proxy: Proxy(), setWindowRect: true, strictFileInteractability: false, timeouts: {implicit: 0, pageLoad: 300000, script: 30000}, unhandledPromptBehavior: dismiss and notify, webauthn:extension:credBlob: true, webauthn:extension:largeBlob: true, webauthn:virtualAuthenticators: true}&#10;Session ID: ebfacce6979c2065c12af688c046060b" type="org.openqa.selenium.ElementClickInterceptedException"><![CDATA[Given User is on the Assignment page........................................passed
When User selects Assignment using checkbox on assignement page.............failed
Then Assignment gets selected on assignement page...........................skipped

StackTrace:
org.openqa.selenium.ElementClickInterceptedException: element click intercepted: Element <div role="checkbox" ng-reflect-ng-class="[object Object]" aria-checked="true" class="p-checkbox-box p-component p-highlight">...</div> is not clickable at point (195, 280). Other element would receive the click: <div class="ng-tns-c133-11 ng-star-inserted p-dialog-mask p-component-overlay p-dialog-mask-scrollblocker" ng-reflect-ng-class="[object Object]" style="z-index: 1018;">...</div>
  (Session info: chrome=105.0.5195.127)
Build info: version: '3.141.59', revision: 'e82be7d358', time: '2018-11-14T08:17:03'
System info: host: 'DESKTOP-VUHI299', ip: '192.168.0.41', os.name: 'Windows 11', os.arch: 'amd64', os.version: '10.0', java.version: '1.8.0_333'
Driver info: org.openqa.selenium.chrome.ChromeDriver
Capabilities {acceptInsecureCerts: false, browserName: chrome, browserVersion: 105.0.5195.127, chrome: {chromedriverVersion: 105.0.5195.52 (412c95e51883..., userDataDir: C:\Users\Lalitha\AppData\Lo...}, goog:chromeOptions: {debuggerAddress: localhost:59412}, javascriptEnabled: true, networkConnectionEnabled: false, pageLoadStrategy: normal, platform: WINDOWS, platformName: WINDOWS, proxy: Proxy(), setWindowRect: true, strictFileInteractability: false, timeouts: {implicit: 0, pageLoad: 300000, script: 30000}, unhandledPromptBehavior: dismiss and notify, webauthn:extension:credBlob: true, webauthn:extension:largeBlob: true, webauthn:virtualAuthenticators: true}
Session ID: ebfacce6979c2065c12af688c046060b
	at sun.reflect.NativeConstructorAccessorImpl.newInstance0(Native Method)
	at sun.reflect.NativeConstructorAccessorImpl.newInstance(NativeConstructorAccessorImpl.java:62)
	at sun.reflect.DelegatingConstructorAccessorImpl.newInstance(DelegatingConstructorAccessorImpl.java:45)
	at java.lang.reflect.Constructor.newInstance(Constructor.java:423)
	at org.openqa.selenium.remote.http.W3CHttpResponseCodec.createException(W3CHttpResponseCodec.java:187)
	at org.openqa.selenium.remote.http.W3CHttpResponseCodec.decode(W3CHttpResponseCodec.java:122)
	at org.openqa.selenium.remote.http.W3CHttpResponseCodec.decode(W3CHttpResponseCodec.java:49)
	at org.openqa.selenium.remote.HttpCommandExecutor.execute(HttpCommandExecutor.java:158)
	at org.openqa.selenium.remote.service.DriverCommandExecutor.execute(DriverCommandExecutor.java:83)
	at org.openqa.selenium.remote.RemoteWebDriver.execute(RemoteWebDriver.java:552)
	at org.openqa.selenium.remote.RemoteWebElement.execute(RemoteWebElement.java:285)
	at org.openqa.selenium.remote.RemoteWebElement.click(RemoteWebElement.java:84)
	at sun.reflect.GeneratedMethodAccessor113.invoke(Unknown Source)
	at sun.reflect.DelegatingMethodAccessorImpl.invoke(DelegatingMethodAccessorImpl.java:43)
	at java.lang.reflect.Method.invoke(Method.java:498)
	at org.openqa.selenium.support.pagefactory.internal.LocatingElementHandler.invoke(LocatingElementHandler.java:51)
	at com.sun.proxy.$Proxy18.click(Unknown Source)
	at com.lms.pages.AssignmentPage.editassignment(AssignmentPage.java:281)
	at stepdefinitions.EditAssignementSteps.user_selects_assignment_using_checkbox_on_assignement_page(EditAssignementSteps.java:23)
	at ✽.User selects Assignment using checkbox on assignement page(file:///D:/JavaSeleniumExamples/LMSNinjaHuntersBDD/src/test/resources/features/Feature4assignmentfeatures/step7_assignment_edit.feature:6)
]]></failure>
</testcase>
<testcase classname="Edit Assignment Details" name="Edit Feature" time="1.172">
<failure message="element click intercepted: Element &lt;span class=&quot;p-button-icon pi pi-pencil&quot; aria-hidden=&quot;true&quot;&gt;&lt;/span&gt; is not clickable at point (1221, 280). Other element would receive the click: &lt;div class=&quot;ng-tns-c133-11 ng-star-inserted p-dialog-mask p-component-overlay p-dialog-mask-scrollblocker&quot; ng-reflect-ng-class=&quot;[object Object]&quot; style=&quot;z-index: 1018;&quot;&gt;...&lt;/div&gt;&#10;  (Session info: chrome=105.0.5195.127)&#10;Build info: version: '3.141.59', revision: 'e82be7d358', time: '2018-11-14T08:17:03'&#10;System info: host: 'DESKTOP-VUHI299', ip: '192.168.0.41', os.name: 'Windows 11', os.arch: 'amd64', os.version: '10.0', java.version: '1.8.0_333'&#10;Driver info: org.openqa.selenium.chrome.ChromeDriver&#10;Capabilities {acceptInsecureCerts: false, browserName: chrome, browserVersion: 105.0.5195.127, chrome: {chromedriverVersion: 105.0.5195.52 (412c95e51883..., userDataDir: C:\Users\Lalitha\AppData\Lo...}, goog:chromeOptions: {debuggerAddress: localhost:59412}, javascriptEnabled: true, networkConnectionEnabled: false, pageLoadStrategy: normal, platform: WINDOWS, platformName: WINDOWS, proxy: Proxy(), setWindowRect: true, strictFileInteractability: false, timeouts: {implicit: 0, pageLoad: 300000, script: 30000}, unhandledPromptBehavior: dismiss and notify, webauthn:extension:credBlob: true, webauthn:extension:largeBlob: true, webauthn:virtualAuthenticators: true}&#10;Session ID: ebfacce6979c2065c12af688c046060b" type="org.openqa.selenium.ElementClickInterceptedException"><![CDATA[Given User is on the Assignment page........................................passed
When User clicks on <Edit> button on assignement page.......................failed
Then User lands on Assignment Details form of assignement page..............skipped

StackTrace:
org.openqa.selenium.ElementClickInterceptedException: element click intercepted: Element <span class="p-button-icon pi pi-pencil" aria-hidden="true"></span> is not clickable at point (1221, 280). Other element would receive the click: <div class="ng-tns-c133-11 ng-star-inserted p-dialog-mask p-component-overlay p-dialog-mask-scrollblocker" ng-reflect-ng-class="[object Object]" style="z-index: 1018;">...</div>
  (Session info: chrome=105.0.5195.127)
Build info: version: '3.141.59', revision: 'e82be7d358', time: '2018-11-14T08:17:03'
System info: host: 'DESKTOP-VUHI299', ip: '192.168.0.41', os.name: 'Windows 11', os.arch: 'amd64', os.version: '10.0', java.version: '1.8.0_333'
Driver info: org.openqa.selenium.chrome.ChromeDriver
Capabilities {acceptInsecureCerts: false, browserName: chrome, browserVersion: 105.0.5195.127, chrome: {chromedriverVersion: 105.0.5195.52 (412c95e51883..., userDataDir: C:\Users\Lalitha\AppData\Lo...}, goog:chromeOptions: {debuggerAddress: localhost:59412}, javascriptEnabled: true, networkConnectionEnabled: false, pageLoadStrategy: normal, platform: WINDOWS, platformName: WINDOWS, proxy: Proxy(), setWindowRect: true, strictFileInteractability: false, timeouts: {implicit: 0, pageLoad: 300000, script: 30000}, unhandledPromptBehavior: dismiss and notify, webauthn:extension:credBlob: true, webauthn:extension:largeBlob: true, webauthn:virtualAuthenticators: true}
Session ID: ebfacce6979c2065c12af688c046060b
	at sun.reflect.NativeConstructorAccessorImpl.newInstance0(Native Method)
	at sun.reflect.NativeConstructorAccessorImpl.newInstance(NativeConstructorAccessorImpl.java:62)
	at sun.reflect.DelegatingConstructorAccessorImpl.newInstance(DelegatingConstructorAccessorImpl.java:45)
	at java.lang.reflect.Constructor.newInstance(Constructor.java:423)
	at org.openqa.selenium.remote.http.W3CHttpResponseCodec.createException(W3CHttpResponseCodec.java:187)
	at org.openqa.selenium.remote.http.W3CHttpResponseCodec.decode(W3CHttpResponseCodec.java:122)
	at org.openqa.selenium.remote.http.W3CHttpResponseCodec.decode(W3CHttpResponseCodec.java:49)
	at org.openqa.selenium.remote.HttpCommandExecutor.execute(HttpCommandExecutor.java:158)
	at org.openqa.selenium.remote.service.DriverCommandExecutor.execute(DriverCommandExecutor.java:83)
	at org.openqa.selenium.remote.RemoteWebDriver.execute(RemoteWebDriver.java:552)
	at org.openqa.selenium.remote.RemoteWebElement.execute(RemoteWebElement.java:285)
	at org.openqa.selenium.remote.RemoteWebElement.click(RemoteWebElement.java:84)
	at sun.reflect.GeneratedMethodAccessor113.invoke(Unknown Source)
	at sun.reflect.DelegatingMethodAccessorImpl.invoke(DelegatingMethodAccessorImpl.java:43)
	at java.lang.reflect.Method.invoke(Method.java:498)
	at org.openqa.selenium.support.pagefactory.internal.LocatingElementHandler.invoke(LocatingElementHandler.java:51)
	at com.sun.proxy.$Proxy18.click(Unknown Source)
	at com.lms.pages.AssignmentPage.clickoneditbutton(AssignmentPage.java:294)
	at stepdefinitions.EditAssignementSteps.user_clicks_on_edit_button_on_assignement_page(EditAssignementSteps.java:33)
	at ✽.User clicks on <Edit> button on assignement page(file:///D:/JavaSeleniumExamples/LMSNinjaHuntersBDD/src/test/resources/features/Feature4assignmentfeatures/step7_assignment_edit.feature:11)
]]></failure>
</testcase>
<testcase classname="Edit Assignment Details" name="Edit Assignment Name" time="30.203">
<failure message="no such element: Unable to locate element: {&quot;method&quot;:&quot;xpath&quot;,&quot;selector&quot;:&quot;//input[@id='assignment']&quot;}&#10;  (Session info: chrome=105.0.5195.127)&#10;For documentation on this error, please visit: https://www.seleniumhq.org/exceptions/no_such_element.html&#10;Build info: version: '3.141.59', revision: 'e82be7d358', time: '2018-11-14T08:17:03'&#10;System info: host: 'DESKTOP-VUHI299', ip: '192.168.0.41', os.name: 'Windows 11', os.arch: 'amd64', os.version: '10.0', java.version: '1.8.0_333'&#10;Driver info: org.openqa.selenium.chrome.ChromeDriver&#10;Capabilities {acceptInsecureCerts: false, browserName: chrome, browserVersion: 105.0.5195.127, chrome: {chromedriverVersion: 105.0.5195.52 (412c95e51883..., userDataDir: C:\Users\Lalitha\AppData\Lo...}, goog:chromeOptions: {debuggerAddress: localhost:59412}, javascriptEnabled: true, networkConnectionEnabled: false, pageLoadStrategy: normal, platform: WINDOWS, platformName: WINDOWS, proxy: Proxy(), setWindowRect: true, strictFileInteractability: false, timeouts: {implicit: 0, pageLoad: 300000, script: 30000}, unhandledPromptBehavior: dismiss and notify, webauthn:extension:credBlob: true, webauthn:extension:largeBlob: true, webauthn:virtualAuthenticators: true}&#10;Session ID: ebfacce6979c2065c12af688c046060b&#10;*** Element info: {Using=xpath, value=//input[@id='assignment']}" type="org.openqa.selenium.NoSuchElementException"><![CDATA[Given User is on Assignment Details form....................................passed
When User edits assignment Name.............................................failed
Then User can see updated assignment Name...................................skipped

StackTrace:
org.openqa.selenium.NoSuchElementException: no such element: Unable to locate element: {"method":"xpath","selector":"//input[@id='assignment']"}
  (Session info: chrome=105.0.5195.127)
For documentation on this error, please visit: https://www.seleniumhq.org/exceptions/no_such_element.html
Build info: version: '3.141.59', revision: 'e82be7d358', time: '2018-11-14T08:17:03'
System info: host: 'DESKTOP-VUHI299', ip: '192.168.0.41', os.name: 'Windows 11', os.arch: 'amd64', os.version: '10.0', java.version: '1.8.0_333'
Driver info: org.openqa.selenium.chrome.ChromeDriver
Capabilities {acceptInsecureCerts: false, browserName: chrome, browserVersion: 105.0.5195.127, chrome: {chromedriverVersion: 105.0.5195.52 (412c95e51883..., userDataDir: C:\Users\Lalitha\AppData\Lo...}, goog:chromeOptions: {debuggerAddress: localhost:59412}, javascriptEnabled: true, networkConnectionEnabled: false, pageLoadStrategy: normal, platform: WINDOWS, platformName: WINDOWS, proxy: Proxy(), setWindowRect: true, strictFileInteractability: false, timeouts: {implicit: 0, pageLoad: 300000, script: 30000}, unhandledPromptBehavior: dismiss and notify, webauthn:extension:credBlob: true, webauthn:extension:largeBlob: true, webauthn:virtualAuthenticators: true}
Session ID: ebfacce6979c2065c12af688c046060b
*** Element info: {Using=xpath, value=//input[@id='assignment']}
	at sun.reflect.NativeConstructorAccessorImpl.newInstance0(Native Method)
	at sun.reflect.NativeConstructorAccessorImpl.newInstance(NativeConstructorAccessorImpl.java:62)
	at sun.reflect.DelegatingConstructorAccessorImpl.newInstance(DelegatingConstructorAccessorImpl.java:45)
	at java.lang.reflect.Constructor.newInstance(Constructor.java:423)
	at org.openqa.selenium.remote.http.W3CHttpResponseCodec.createException(W3CHttpResponseCodec.java:187)
	at org.openqa.selenium.remote.http.W3CHttpResponseCodec.decode(W3CHttpResponseCodec.java:122)
	at org.openqa.selenium.remote.http.W3CHttpResponseCodec.decode(W3CHttpResponseCodec.java:49)
	at org.openqa.selenium.remote.HttpCommandExecutor.execute(HttpCommandExecutor.java:158)
	at org.openqa.selenium.remote.service.DriverCommandExecutor.execute(DriverCommandExecutor.java:83)
	at org.openqa.selenium.remote.RemoteWebDriver.execute(RemoteWebDriver.java:552)
	at org.openqa.selenium.remote.RemoteWebDriver.findElement(RemoteWebDriver.java:323)
	at org.openqa.selenium.remote.RemoteWebDriver.findElementByXPath(RemoteWebDriver.java:428)
	at org.openqa.selenium.By$ByXPath.findElement(By.java:353)
	at org.openqa.selenium.remote.RemoteWebDriver.findElement(RemoteWebDriver.java:315)
	at org.openqa.selenium.support.pagefactory.DefaultElementLocator.findElement(DefaultElementLocator.java:69)
	at org.openqa.selenium.support.pagefactory.internal.LocatingElementHandler.invoke(LocatingElementHandler.java:38)
	at com.sun.proxy.$Proxy18.clear(Unknown Source)
	at com.lms.pages.AssignmentPage.editassignname(AssignmentPage.java:305)
	at stepdefinitions.EditAssignementSteps.user_edits_assignment_name(EditAssignementSteps.java:51)
	at ✽.User edits assignment Name(file:///D:/JavaSeleniumExamples/LMSNinjaHuntersBDD/src/test/resources/features/Feature4assignmentfeatures/step7_assignment_edit.feature:16)
]]></failure>
</testcase>
<testcase classname="Edit Assignment Details" name="Edit Assignment Description" time="30.165">
<failure message="no such element: Unable to locate element: {&quot;method&quot;:&quot;xpath&quot;,&quot;selector&quot;:&quot;//input[@id='assignmentDescription']&quot;}&#10;  (Session info: chrome=105.0.5195.127)&#10;For documentation on this error, please visit: https://www.seleniumhq.org/exceptions/no_such_element.html&#10;Build info: version: '3.141.59', revision: 'e82be7d358', time: '2018-11-14T08:17:03'&#10;System info: host: 'DESKTOP-VUHI299', ip: '192.168.0.41', os.name: 'Windows 11', os.arch: 'amd64', os.version: '10.0', java.version: '1.8.0_333'&#10;Driver info: org.openqa.selenium.chrome.ChromeDriver&#10;Capabilities {acceptInsecureCerts: false, browserName: chrome, browserVersion: 105.0.5195.127, chrome: {chromedriverVersion: 105.0.5195.52 (412c95e51883..., userDataDir: C:\Users\Lalitha\AppData\Lo...}, goog:chromeOptions: {debuggerAddress: localhost:59412}, javascriptEnabled: true, networkConnectionEnabled: false, pageLoadStrategy: normal, platform: WINDOWS, platformName: WINDOWS, proxy: Proxy(), setWindowRect: true, strictFileInteractability: false, timeouts: {implicit: 0, pageLoad: 300000, script: 30000}, unhandledPromptBehavior: dismiss and notify, webauthn:extension:credBlob: true, webauthn:extension:largeBlob: true, webauthn:virtualAuthenticators: true}&#10;Session ID: ebfacce6979c2065c12af688c046060b&#10;*** Element info: {Using=xpath, value=//input[@id='assignmentDescription']}" type="org.openqa.selenium.NoSuchElementException"><![CDATA[Given User is on Assignment Details form....................................passed
When User edits Assignment Description......................................failed
Then User can see updated Assignment Description............................skipped

StackTrace:
org.openqa.selenium.NoSuchElementException: no such element: Unable to locate element: {"method":"xpath","selector":"//input[@id='assignmentDescription']"}
  (Session info: chrome=105.0.5195.127)
For documentation on this error, please visit: https://www.seleniumhq.org/exceptions/no_such_element.html
Build info: version: '3.141.59', revision: 'e82be7d358', time: '2018-11-14T08:17:03'
System info: host: 'DESKTOP-VUHI299', ip: '192.168.0.41', os.name: 'Windows 11', os.arch: 'amd64', os.version: '10.0', java.version: '1.8.0_333'
Driver info: org.openqa.selenium.chrome.ChromeDriver
Capabilities {acceptInsecureCerts: false, browserName: chrome, browserVersion: 105.0.5195.127, chrome: {chromedriverVersion: 105.0.5195.52 (412c95e51883..., userDataDir: C:\Users\Lalitha\AppData\Lo...}, goog:chromeOptions: {debuggerAddress: localhost:59412}, javascriptEnabled: true, networkConnectionEnabled: false, pageLoadStrategy: normal, platform: WINDOWS, platformName: WINDOWS, proxy: Proxy(), setWindowRect: true, strictFileInteractability: false, timeouts: {implicit: 0, pageLoad: 300000, script: 30000}, unhandledPromptBehavior: dismiss and notify, webauthn:extension:credBlob: true, webauthn:extension:largeBlob: true, webauthn:virtualAuthenticators: true}
Session ID: ebfacce6979c2065c12af688c046060b
*** Element info: {Using=xpath, value=//input[@id='assignmentDescription']}
	at sun.reflect.NativeConstructorAccessorImpl.newInstance0(Native Method)
	at sun.reflect.NativeConstructorAccessorImpl.newInstance(NativeConstructorAccessorImpl.java:62)
	at sun.reflect.DelegatingConstructorAccessorImpl.newInstance(DelegatingConstructorAccessorImpl.java:45)
	at java.lang.reflect.Constructor.newInstance(Constructor.java:423)
	at org.openqa.selenium.remote.http.W3CHttpResponseCodec.createException(W3CHttpResponseCodec.java:187)
	at org.openqa.selenium.remote.http.W3CHttpResponseCodec.decode(W3CHttpResponseCodec.java:122)
	at org.openqa.selenium.remote.http.W3CHttpResponseCodec.decode(W3CHttpResponseCodec.java:49)
	at org.openqa.selenium.remote.HttpCommandExecutor.execute(HttpCommandExecutor.java:158)
	at org.openqa.selenium.remote.service.DriverCommandExecutor.execute(DriverCommandExecutor.java:83)
	at org.openqa.selenium.remote.RemoteWebDriver.execute(RemoteWebDriver.java:552)
	at org.openqa.selenium.remote.RemoteWebDriver.findElement(RemoteWebDriver.java:323)
	at org.openqa.selenium.remote.RemoteWebDriver.findElementByXPath(RemoteWebDriver.java:428)
	at org.openqa.selenium.By$ByXPath.findElement(By.java:353)
	at org.openqa.selenium.remote.RemoteWebDriver.findElement(RemoteWebDriver.java:315)
	at org.openqa.selenium.support.pagefactory.DefaultElementLocator.findElement(DefaultElementLocator.java:69)
	at org.openqa.selenium.support.pagefactory.internal.LocatingElementHandler.invoke(LocatingElementHandler.java:38)
	at com.sun.proxy.$Proxy18.sendKeys(Unknown Source)
	at com.lms.pages.AssignmentPage.editassigndesc(AssignmentPage.java:319)
	at stepdefinitions.EditAssignementSteps.user_edits_assignment_description(EditAssignementSteps.java:61)
	at ✽.User edits Assignment Description(file:///D:/JavaSeleniumExamples/LMSNinjaHuntersBDD/src/test/resources/features/Feature4assignmentfeatures/step7_assignment_edit.feature:21)
]]></failure>
</testcase>
<testcase classname="Edit Assignment Details" name="Edit Assignment Grade" time="30.1">
<failure message="no such element: Unable to locate element: {&quot;method&quot;:&quot;xpath&quot;,&quot;selector&quot;:&quot;//input[@id='assignmentGraderId']&quot;}&#10;  (Session info: chrome=105.0.5195.127)&#10;For documentation on this error, please visit: https://www.seleniumhq.org/exceptions/no_such_element.html&#10;Build info: version: '3.141.59', revision: 'e82be7d358', time: '2018-11-14T08:17:03'&#10;System info: host: 'DESKTOP-VUHI299', ip: '192.168.0.41', os.name: 'Windows 11', os.arch: 'amd64', os.version: '10.0', java.version: '1.8.0_333'&#10;Driver info: org.openqa.selenium.chrome.ChromeDriver&#10;Capabilities {acceptInsecureCerts: false, browserName: chrome, browserVersion: 105.0.5195.127, chrome: {chromedriverVersion: 105.0.5195.52 (412c95e51883..., userDataDir: C:\Users\Lalitha\AppData\Lo...}, goog:chromeOptions: {debuggerAddress: localhost:59412}, javascriptEnabled: true, networkConnectionEnabled: false, pageLoadStrategy: normal, platform: WINDOWS, platformName: WINDOWS, proxy: Proxy(), setWindowRect: true, strictFileInteractability: false, timeouts: {implicit: 0, pageLoad: 300000, script: 30000}, unhandledPromptBehavior: dismiss and notify, webauthn:extension:credBlob: true, webauthn:extension:largeBlob: true, webauthn:virtualAuthenticators: true}&#10;Session ID: ebfacce6979c2065c12af688c046060b&#10;*** Element info: {Using=xpath, value=//input[@id='assignmentGraderId']}" type="org.openqa.selenium.NoSuchElementException"><![CDATA[Given User is on Assignment Details form....................................passed
When User edits  Assignment Grade...........................................failed
Then User can see updated Assignment Grade..................................skipped

StackTrace:
org.openqa.selenium.NoSuchElementException: no such element: Unable to locate element: {"method":"xpath","selector":"//input[@id='assignmentGraderId']"}
  (Session info: chrome=105.0.5195.127)
For documentation on this error, please visit: https://www.seleniumhq.org/exceptions/no_such_element.html
Build info: version: '3.141.59', revision: 'e82be7d358', time: '2018-11-14T08:17:03'
System info: host: 'DESKTOP-VUHI299', ip: '192.168.0.41', os.name: 'Windows 11', os.arch: 'amd64', os.version: '10.0', java.version: '1.8.0_333'
Driver info: org.openqa.selenium.chrome.ChromeDriver
Capabilities {acceptInsecureCerts: false, browserName: chrome, browserVersion: 105.0.5195.127, chrome: {chromedriverVersion: 105.0.5195.52 (412c95e51883..., userDataDir: C:\Users\Lalitha\AppData\Lo...}, goog:chromeOptions: {debuggerAddress: localhost:59412}, javascriptEnabled: true, networkConnectionEnabled: false, pageLoadStrategy: normal, platform: WINDOWS, platformName: WINDOWS, proxy: Proxy(), setWindowRect: true, strictFileInteractability: false, timeouts: {implicit: 0, pageLoad: 300000, script: 30000}, unhandledPromptBehavior: dismiss and notify, webauthn:extension:credBlob: true, webauthn:extension:largeBlob: true, webauthn:virtualAuthenticators: true}
Session ID: ebfacce6979c2065c12af688c046060b
*** Element info: {Using=xpath, value=//input[@id='assignmentGraderId']}
	at sun.reflect.NativeConstructorAccessorImpl.newInstance0(Native Method)
	at sun.reflect.NativeConstructorAccessorImpl.newInstance(NativeConstructorAccessorImpl.java:62)
	at sun.reflect.DelegatingConstructorAccessorImpl.newInstance(DelegatingConstructorAccessorImpl.java:45)
	at java.lang.reflect.Constructor.newInstance(Constructor.java:423)
	at org.openqa.selenium.remote.http.W3CHttpResponseCodec.createException(W3CHttpResponseCodec.java:187)
	at org.openqa.selenium.remote.http.W3CHttpResponseCodec.decode(W3CHttpResponseCodec.java:122)
	at org.openqa.selenium.remote.http.W3CHttpResponseCodec.decode(W3CHttpResponseCodec.java:49)
	at org.openqa.selenium.remote.HttpCommandExecutor.execute(HttpCommandExecutor.java:158)
	at org.openqa.selenium.remote.service.DriverCommandExecutor.execute(DriverCommandExecutor.java:83)
	at org.openqa.selenium.remote.RemoteWebDriver.execute(RemoteWebDriver.java:552)
	at org.openqa.selenium.remote.RemoteWebDriver.findElement(RemoteWebDriver.java:323)
	at org.openqa.selenium.remote.RemoteWebDriver.findElementByXPath(RemoteWebDriver.java:428)
	at org.openqa.selenium.By$ByXPath.findElement(By.java:353)
	at org.openqa.selenium.remote.RemoteWebDriver.findElement(RemoteWebDriver.java:315)
	at org.openqa.selenium.support.pagefactory.DefaultElementLocator.findElement(DefaultElementLocator.java:69)
	at org.openqa.selenium.support.pagefactory.internal.LocatingElementHandler.invoke(LocatingElementHandler.java:38)
	at com.sun.proxy.$Proxy18.clear(Unknown Source)
	at com.lms.pages.AssignmentPage.editassigngrade(AssignmentPage.java:331)
	at stepdefinitions.EditAssignementSteps.user_edits_assignment_grade(EditAssignementSteps.java:71)
	at ✽.User edits  Assignment Grade(file:///D:/JavaSeleniumExamples/LMSNinjaHuntersBDD/src/test/resources/features/Feature4assignmentfeatures/step7_assignment_edit.feature:26)
]]></failure>
</testcase>
<testcase classname="Edit Assignment Details" name="Edit Assignment Due Date" time="30.165">
<failure message="no such element: Unable to locate element: {&quot;method&quot;:&quot;xpath&quot;,&quot;selector&quot;:&quot;//span[@class='p-button-icon pi pi-calendar']&quot;}&#10;  (Session info: chrome=105.0.5195.127)&#10;For documentation on this error, please visit: https://www.seleniumhq.org/exceptions/no_such_element.html&#10;Build info: version: '3.141.59', revision: 'e82be7d358', time: '2018-11-14T08:17:03'&#10;System info: host: 'DESKTOP-VUHI299', ip: '192.168.0.41', os.name: 'Windows 11', os.arch: 'amd64', os.version: '10.0', java.version: '1.8.0_333'&#10;Driver info: org.openqa.selenium.chrome.ChromeDriver&#10;Capabilities {acceptInsecureCerts: false, browserName: chrome, browserVersion: 105.0.5195.127, chrome: {chromedriverVersion: 105.0.5195.52 (412c95e51883..., userDataDir: C:\Users\Lalitha\AppData\Lo...}, goog:chromeOptions: {debuggerAddress: localhost:59412}, javascriptEnabled: true, networkConnectionEnabled: false, pageLoadStrategy: normal, platform: WINDOWS, platformName: WINDOWS, proxy: Proxy(), setWindowRect: true, strictFileInteractability: false, timeouts: {implicit: 0, pageLoad: 300000, script: 30000}, unhandledPromptBehavior: dismiss and notify, webauthn:extension:credBlob: true, webauthn:extension:largeBlob: true, webauthn:virtualAuthenticators: true}&#10;Session ID: ebfacce6979c2065c12af688c046060b&#10;*** Element info: {Using=xpath, value=//span[@class='p-button-icon pi pi-calendar']}" type="org.openqa.selenium.NoSuchElementException"><![CDATA[Given User is on Assignment Details form....................................passed
When User edits Assignment Due Date.........................................failed
Then User can see updated Assignment Due Date...............................skipped

StackTrace:
org.openqa.selenium.NoSuchElementException: no such element: Unable to locate element: {"method":"xpath","selector":"//span[@class='p-button-icon pi pi-calendar']"}
  (Session info: chrome=105.0.5195.127)
For documentation on this error, please visit: https://www.seleniumhq.org/exceptions/no_such_element.html
Build info: version: '3.141.59', revision: 'e82be7d358', time: '2018-11-14T08:17:03'
System info: host: 'DESKTOP-VUHI299', ip: '192.168.0.41', os.name: 'Windows 11', os.arch: 'amd64', os.version: '10.0', java.version: '1.8.0_333'
Driver info: org.openqa.selenium.chrome.ChromeDriver
Capabilities {acceptInsecureCerts: false, browserName: chrome, browserVersion: 105.0.5195.127, chrome: {chromedriverVersion: 105.0.5195.52 (412c95e51883..., userDataDir: C:\Users\Lalitha\AppData\Lo...}, goog:chromeOptions: {debuggerAddress: localhost:59412}, javascriptEnabled: true, networkConnectionEnabled: false, pageLoadStrategy: normal, platform: WINDOWS, platformName: WINDOWS, proxy: Proxy(), setWindowRect: true, strictFileInteractability: false, timeouts: {implicit: 0, pageLoad: 300000, script: 30000}, unhandledPromptBehavior: dismiss and notify, webauthn:extension:credBlob: true, webauthn:extension:largeBlob: true, webauthn:virtualAuthenticators: true}
Session ID: ebfacce6979c2065c12af688c046060b
*** Element info: {Using=xpath, value=//span[@class='p-button-icon pi pi-calendar']}
	at sun.reflect.NativeConstructorAccessorImpl.newInstance0(Native Method)
	at sun.reflect.NativeConstructorAccessorImpl.newInstance(NativeConstructorAccessorImpl.java:62)
	at sun.reflect.DelegatingConstructorAccessorImpl.newInstance(DelegatingConstructorAccessorImpl.java:45)
	at java.lang.reflect.Constructor.newInstance(Constructor.java:423)
	at org.openqa.selenium.remote.http.W3CHttpResponseCodec.createException(W3CHttpResponseCodec.java:187)
	at org.openqa.selenium.remote.http.W3CHttpResponseCodec.decode(W3CHttpResponseCodec.java:122)
	at org.openqa.selenium.remote.http.W3CHttpResponseCodec.decode(W3CHttpResponseCodec.java:49)
	at org.openqa.selenium.remote.HttpCommandExecutor.execute(HttpCommandExecutor.java:158)
	at org.openqa.selenium.remote.service.DriverCommandExecutor.execute(DriverCommandExecutor.java:83)
	at org.openqa.selenium.remote.RemoteWebDriver.execute(RemoteWebDriver.java:552)
	at org.openqa.selenium.remote.RemoteWebDriver.findElement(RemoteWebDriver.java:323)
	at org.openqa.selenium.remote.RemoteWebDriver.findElementByXPath(RemoteWebDriver.java:428)
	at org.openqa.selenium.By$ByXPath.findElement(By.java:353)
	at org.openqa.selenium.remote.RemoteWebDriver.findElement(RemoteWebDriver.java:315)
	at org.openqa.selenium.support.pagefactory.DefaultElementLocator.findElement(DefaultElementLocator.java:69)
	at org.openqa.selenium.support.pagefactory.internal.LocatingElementHandler.invoke(LocatingElementHandler.java:38)
	at com.sun.proxy.$Proxy18.click(Unknown Source)
	at com.lms.pages.AssignmentPage.editcalenderdate(AssignmentPage.java:345)
	at stepdefinitions.EditAssignementSteps.user_edits_assignment_due_date(EditAssignementSteps.java:81)
	at ✽.User edits Assignment Due Date(file:///D:/JavaSeleniumExamples/LMSNinjaHuntersBDD/src/test/resources/features/Feature4assignmentfeatures/step7_assignment_edit.feature:31)
]]></failure>
</testcase>
<testcase classname="Edit Assignment Details" name="Click Cancel" time="10.042">
<failure message="no such element: Unable to locate element: {&quot;method&quot;:&quot;xpath&quot;,&quot;selector&quot;:&quot;//span[contains(text(),'Cancel')]&quot;}&#10;  (Session info: chrome=105.0.5195.127)&#10;For documentation on this error, please visit: https://www.seleniumhq.org/exceptions/no_such_element.html&#10;Build info: version: '3.141.59', revision: 'e82be7d358', time: '2018-11-14T08:17:03'&#10;System info: host: 'DESKTOP-VUHI299', ip: '192.168.0.41', os.name: 'Windows 11', os.arch: 'amd64', os.version: '10.0', java.version: '1.8.0_333'&#10;Driver info: org.openqa.selenium.chrome.ChromeDriver&#10;Capabilities {acceptInsecureCerts: false, browserName: chrome, browserVersion: 105.0.5195.127, chrome: {chromedriverVersion: 105.0.5195.52 (412c95e51883..., userDataDir: C:\Users\Lalitha\AppData\Lo...}, goog:chromeOptions: {debuggerAddress: localhost:59412}, javascriptEnabled: true, networkConnectionEnabled: false, pageLoadStrategy: normal, platform: WINDOWS, platformName: WINDOWS, proxy: Proxy(), setWindowRect: true, strictFileInteractability: false, timeouts: {implicit: 0, pageLoad: 300000, script: 30000}, unhandledPromptBehavior: dismiss and notify, webauthn:extension:credBlob: true, webauthn:extension:largeBlob: true, webauthn:virtualAuthenticators: true}&#10;Session ID: ebfacce6979c2065c12af688c046060b&#10;*** Element info: {Using=xpath, value=//span[contains(text(),'Cancel')]}" type="org.openqa.selenium.NoSuchElementException"><![CDATA[Given User is on Assignment Details form....................................passed
When User clicks <Cancel> button on form....................................failed
Then User can see Assignment Details form disappears........................skipped

StackTrace:
org.openqa.selenium.NoSuchElementException: no such element: Unable to locate element: {"method":"xpath","selector":"//span[contains(text(),'Cancel')]"}
  (Session info: chrome=105.0.5195.127)
For documentation on this error, please visit: https://www.seleniumhq.org/exceptions/no_such_element.html
Build info: version: '3.141.59', revision: 'e82be7d358', time: '2018-11-14T08:17:03'
System info: host: 'DESKTOP-VUHI299', ip: '192.168.0.41', os.name: 'Windows 11', os.arch: 'amd64', os.version: '10.0', java.version: '1.8.0_333'
Driver info: org.openqa.selenium.chrome.ChromeDriver
Capabilities {acceptInsecureCerts: false, browserName: chrome, browserVersion: 105.0.5195.127, chrome: {chromedriverVersion: 105.0.5195.52 (412c95e51883..., userDataDir: C:\Users\Lalitha\AppData\Lo...}, goog:chromeOptions: {debuggerAddress: localhost:59412}, javascriptEnabled: true, networkConnectionEnabled: false, pageLoadStrategy: normal, platform: WINDOWS, platformName: WINDOWS, proxy: Proxy(), setWindowRect: true, strictFileInteractability: false, timeouts: {implicit: 0, pageLoad: 300000, script: 30000}, unhandledPromptBehavior: dismiss and notify, webauthn:extension:credBlob: true, webauthn:extension:largeBlob: true, webauthn:virtualAuthenticators: true}
Session ID: ebfacce6979c2065c12af688c046060b
*** Element info: {Using=xpath, value=//span[contains(text(),'Cancel')]}
	at sun.reflect.NativeConstructorAccessorImpl.newInstance0(Native Method)
	at sun.reflect.NativeConstructorAccessorImpl.newInstance(NativeConstructorAccessorImpl.java:62)
	at sun.reflect.DelegatingConstructorAccessorImpl.newInstance(DelegatingConstructorAccessorImpl.java:45)
	at java.lang.reflect.Constructor.newInstance(Constructor.java:423)
	at org.openqa.selenium.remote.http.W3CHttpResponseCodec.createException(W3CHttpResponseCodec.java:187)
	at org.openqa.selenium.remote.http.W3CHttpResponseCodec.decode(W3CHttpResponseCodec.java:122)
	at org.openqa.selenium.remote.http.W3CHttpResponseCodec.decode(W3CHttpResponseCodec.java:49)
	at org.openqa.selenium.remote.HttpCommandExecutor.execute(HttpCommandExecutor.java:158)
	at org.openqa.selenium.remote.service.DriverCommandExecutor.execute(DriverCommandExecutor.java:83)
	at org.openqa.selenium.remote.RemoteWebDriver.execute(RemoteWebDriver.java:552)
	at org.openqa.selenium.remote.RemoteWebDriver.findElement(RemoteWebDriver.java:323)
	at org.openqa.selenium.remote.RemoteWebDriver.findElementByXPath(RemoteWebDriver.java:428)
	at org.openqa.selenium.By$ByXPath.findElement(By.java:353)
	at org.openqa.selenium.remote.RemoteWebDriver.findElement(RemoteWebDriver.java:315)
	at org.openqa.selenium.support.pagefactory.DefaultElementLocator.findElement(DefaultElementLocator.java:69)
	at org.openqa.selenium.support.pagefactory.internal.LocatingElementHandler.invoke(LocatingElementHandler.java:38)
	at com.sun.proxy.$Proxy18.click(Unknown Source)
	at com.lms.pages.AssignmentPage.clickoncancelbutton(AssignmentPage.java:356)
	at stepdefinitions.EditAssignementSteps.user_clicks_cancel_button_on_form(EditAssignementSteps.java:91)
	at ✽.User clicks <Cancel> button on form(file:///D:/JavaSeleniumExamples/LMSNinjaHuntersBDD/src/test/resources/features/Feature4assignmentfeatures/step7_assignment_edit.feature:36)
]]></failure>
</testcase>
<testcase classname="Edit Assignment Details" name="Click Save" time="10.05">
<failure message="no such element: Unable to locate element: {&quot;method&quot;:&quot;xpath&quot;,&quot;selector&quot;:&quot;//span[contains(text(),'Save')]&quot;}&#10;  (Session info: chrome=105.0.5195.127)&#10;For documentation on this error, please visit: https://www.seleniumhq.org/exceptions/no_such_element.html&#10;Build info: version: '3.141.59', revision: 'e82be7d358', time: '2018-11-14T08:17:03'&#10;System info: host: 'DESKTOP-VUHI299', ip: '192.168.0.41', os.name: 'Windows 11', os.arch: 'amd64', os.version: '10.0', java.version: '1.8.0_333'&#10;Driver info: org.openqa.selenium.chrome.ChromeDriver&#10;Capabilities {acceptInsecureCerts: false, browserName: chrome, browserVersion: 105.0.5195.127, chrome: {chromedriverVersion: 105.0.5195.52 (412c95e51883..., userDataDir: C:\Users\Lalitha\AppData\Lo...}, goog:chromeOptions: {debuggerAddress: localhost:59412}, javascriptEnabled: true, networkConnectionEnabled: false, pageLoadStrategy: normal, platform: WINDOWS, platformName: WINDOWS, proxy: Proxy(), setWindowRect: true, strictFileInteractability: false, timeouts: {implicit: 0, pageLoad: 300000, script: 30000}, unhandledPromptBehavior: dismiss and notify, webauthn:extension:credBlob: true, webauthn:extension:largeBlob: true, webauthn:virtualAuthenticators: true}&#10;Session ID: ebfacce6979c2065c12af688c046060b&#10;*** Element info: {Using=xpath, value=//span[contains(text(),'Save')]}" type="org.openqa.selenium.NoSuchElementException"><![CDATA[Given User is on Assignment Details form....................................passed
When User clicks <Save> button on form......................................failed
Then User can see a 'Successful Assignment Updated' message.................skipped

StackTrace:
org.openqa.selenium.NoSuchElementException: no such element: Unable to locate element: {"method":"xpath","selector":"//span[contains(text(),'Save')]"}
  (Session info: chrome=105.0.5195.127)
For documentation on this error, please visit: https://www.seleniumhq.org/exceptions/no_such_element.html
Build info: version: '3.141.59', revision: 'e82be7d358', time: '2018-11-14T08:17:03'
System info: host: 'DESKTOP-VUHI299', ip: '192.168.0.41', os.name: 'Windows 11', os.arch: 'amd64', os.version: '10.0', java.version: '1.8.0_333'
Driver info: org.openqa.selenium.chrome.ChromeDriver
Capabilities {acceptInsecureCerts: false, browserName: chrome, browserVersion: 105.0.5195.127, chrome: {chromedriverVersion: 105.0.5195.52 (412c95e51883..., userDataDir: C:\Users\Lalitha\AppData\Lo...}, goog:chromeOptions: {debuggerAddress: localhost:59412}, javascriptEnabled: true, networkConnectionEnabled: false, pageLoadStrategy: normal, platform: WINDOWS, platformName: WINDOWS, proxy: Proxy(), setWindowRect: true, strictFileInteractability: false, timeouts: {implicit: 0, pageLoad: 300000, script: 30000}, unhandledPromptBehavior: dismiss and notify, webauthn:extension:credBlob: true, webauthn:extension:largeBlob: true, webauthn:virtualAuthenticators: true}
Session ID: ebfacce6979c2065c12af688c046060b
*** Element info: {Using=xpath, value=//span[contains(text(),'Save')]}
	at sun.reflect.NativeConstructorAccessorImpl.newInstance0(Native Method)
	at sun.reflect.NativeConstructorAccessorImpl.newInstance(NativeConstructorAccessorImpl.java:62)
	at sun.reflect.DelegatingConstructorAccessorImpl.newInstance(DelegatingConstructorAccessorImpl.java:45)
	at java.lang.reflect.Constructor.newInstance(Constructor.java:423)
	at org.openqa.selenium.remote.http.W3CHttpResponseCodec.createException(W3CHttpResponseCodec.java:187)
	at org.openqa.selenium.remote.http.W3CHttpResponseCodec.decode(W3CHttpResponseCodec.java:122)
	at org.openqa.selenium.remote.http.W3CHttpResponseCodec.decode(W3CHttpResponseCodec.java:49)
	at org.openqa.selenium.remote.HttpCommandExecutor.execute(HttpCommandExecutor.java:158)
	at org.openqa.selenium.remote.service.DriverCommandExecutor.execute(DriverCommandExecutor.java:83)
	at org.openqa.selenium.remote.RemoteWebDriver.execute(RemoteWebDriver.java:552)
	at org.openqa.selenium.remote.RemoteWebDriver.findElement(RemoteWebDriver.java:323)
	at org.openqa.selenium.remote.RemoteWebDriver.findElementByXPath(RemoteWebDriver.java:428)
	at org.openqa.selenium.By$ByXPath.findElement(By.java:353)
	at org.openqa.selenium.remote.RemoteWebDriver.findElement(RemoteWebDriver.java:315)
	at org.openqa.selenium.support.pagefactory.DefaultElementLocator.findElement(DefaultElementLocator.java:69)
	at org.openqa.selenium.support.pagefactory.internal.LocatingElementHandler.invoke(LocatingElementHandler.java:38)
	at com.sun.proxy.$Proxy18.click(Unknown Source)
	at com.lms.pages.AssignmentPage.clickonsavebutton(AssignmentPage.java:366)
	at stepdefinitions.EditAssignementSteps.user_clicks_save_button_on_form(EditAssignementSteps.java:101)
	at ✽.User clicks <Save> button on form(file:///D:/JavaSeleniumExamples/LMSNinjaHuntersBDD/src/test/resources/features/Feature4assignmentfeatures/step7_assignment_edit.feature:41)
]]></failure>
</testcase>
<testcase classname="Manage User page" name="Verify landing in Manage user page" time="3.123">
<system-out><![CDATA[Given User is on any page after login.......................................passed
When User clicks the Tab 'User'.............................................passed
Then User should see the Manage user page...................................passed
]]></system-out>
</testcase>
<testcase classname="User Page Heading" name="Verify the manage user page heading" time="3.08">
<system-out><![CDATA[Given User is on any page after login.......................................passed
When User is on Manage user page after clicking User Tab....................passed
Then User should see the page heading as 'Manage User'......................passed
]]></system-out>
</testcase>
<testcase classname="Pagination" name="Verify the presence of pagination" time="3.046">
<system-out><![CDATA[Given User is on any page after login.......................................passed
When User is on Manage user page after clicking User Tab....................passed
Then user should see the pagination controls below the data table...........passed
]]></system-out>
</testcase>
<testcase classname="Pagination" name="Verify the pagination control with less rows" time="0.059">
<system-out><![CDATA[Given User is on Manage user page...........................................passed
When Manage user table has less than or equals to 5 rows....................passed
Then Pagination control should be disabled..................................passed
]]></system-out>
</testcase>
<testcase classname="Table footer" name="Verify table footer" time="0.035">
<system-out><![CDATA[Given User is logged on to the LMS website..................................passed
When User lands on Manage User page.........................................passed
Then User should see the table footer as 'In total there are 4 users.'......passed
]]></system-out>
</testcase>
<testcase classname="Add new user" name="Verify the presence of Add new user button" time="0.024">
<system-out><![CDATA[Given User is on Manage User page...........................................passed
When User is on the Manage user page after clicking Uset tab................passed
Then User should see a button with the text + 'Add New User'................passed
]]></system-out>
</testcase>
<testcase classname="Add new user" name="Verify the functionality of Add new user button" time="0.307">
<system-out><![CDATA[Given User is on Manage User page...........................................passed
When User clicks Add New User button........................................passed
Then User should see the "User Details" dialog box..........................passed
]]></system-out>
</testcase>
<testcase classname="Table header" name="Verify Table header" time="3.256">
<system-out><![CDATA[Given User is on any page after login.......................................passed
When User is on the Manage user page after clicking User Tab................passed
Then User should see the table header as Empty checkbox-icon and all the fields with sorticon, edit and delete as column name.passed
]]></system-out>
</testcase>
<testcase classname="Table header" name="Verify the functionality of sort icon present in table header" time="1.094">
<failure message="element click intercepted: Element &lt;i class=&quot;p-sortable-column-icon pi pi-fw pi-sort-alt&quot; ng-reflect-ng-class=&quot;[object Object]&quot;&gt;&lt;/i&gt; is not clickable at point (643, 219). Other element would receive the click: &lt;div _ngcontent-hrg-c149=&quot;&quot; class=&quot;row&quot;&gt;...&lt;/div&gt;&#10;  (Session info: chrome=105.0.5195.127)&#10;Build info: version: '3.141.59', revision: 'e82be7d358', time: '2018-11-14T08:17:03'&#10;System info: host: 'DESKTOP-VUHI299', ip: '192.168.0.41', os.name: 'Windows 11', os.arch: 'amd64', os.version: '10.0', java.version: '1.8.0_333'&#10;Driver info: org.openqa.selenium.chrome.ChromeDriver&#10;Capabilities {acceptInsecureCerts: false, browserName: chrome, browserVersion: 105.0.5195.127, chrome: {chromedriverVersion: 105.0.5195.52 (412c95e51883..., userDataDir: C:\Users\Lalitha\AppData\Lo...}, goog:chromeOptions: {debuggerAddress: localhost:59412}, javascriptEnabled: true, networkConnectionEnabled: false, pageLoadStrategy: normal, platform: WINDOWS, platformName: WINDOWS, proxy: Proxy(), setWindowRect: true, strictFileInteractability: false, timeouts: {implicit: 0, pageLoad: 300000, script: 30000}, unhandledPromptBehavior: dismiss and notify, webauthn:extension:credBlob: true, webauthn:extension:largeBlob: true, webauthn:virtualAuthenticators: true}&#10;Session ID: ebfacce6979c2065c12af688c046060b" type="org.openqa.selenium.ElementClickInterceptedException"><![CDATA[Given User table is displayed in manage user page...........................passed
When User clicks sort icon in table header..................................failed
Then Table rows should be sorted............................................skipped

StackTrace:
org.openqa.selenium.ElementClickInterceptedException: element click intercepted: Element <i class="p-sortable-column-icon pi pi-fw pi-sort-alt" ng-reflect-ng-class="[object Object]"></i> is not clickable at point (643, 219). Other element would receive the click: <div _ngcontent-hrg-c149="" class="row">...</div>
  (Session info: chrome=105.0.5195.127)
Build info: version: '3.141.59', revision: 'e82be7d358', time: '2018-11-14T08:17:03'
System info: host: 'DESKTOP-VUHI299', ip: '192.168.0.41', os.name: 'Windows 11', os.arch: 'amd64', os.version: '10.0', java.version: '1.8.0_333'
Driver info: org.openqa.selenium.chrome.ChromeDriver
Capabilities {acceptInsecureCerts: false, browserName: chrome, browserVersion: 105.0.5195.127, chrome: {chromedriverVersion: 105.0.5195.52 (412c95e51883..., userDataDir: C:\Users\Lalitha\AppData\Lo...}, goog:chromeOptions: {debuggerAddress: localhost:59412}, javascriptEnabled: true, networkConnectionEnabled: false, pageLoadStrategy: normal, platform: WINDOWS, platformName: WINDOWS, proxy: Proxy(), setWindowRect: true, strictFileInteractability: false, timeouts: {implicit: 0, pageLoad: 300000, script: 30000}, unhandledPromptBehavior: dismiss and notify, webauthn:extension:credBlob: true, webauthn:extension:largeBlob: true, webauthn:virtualAuthenticators: true}
Session ID: ebfacce6979c2065c12af688c046060b
	at sun.reflect.NativeConstructorAccessorImpl.newInstance0(Native Method)
	at sun.reflect.NativeConstructorAccessorImpl.newInstance(NativeConstructorAccessorImpl.java:62)
	at sun.reflect.DelegatingConstructorAccessorImpl.newInstance(DelegatingConstructorAccessorImpl.java:45)
	at java.lang.reflect.Constructor.newInstance(Constructor.java:423)
	at org.openqa.selenium.remote.http.W3CHttpResponseCodec.createException(W3CHttpResponseCodec.java:187)
	at org.openqa.selenium.remote.http.W3CHttpResponseCodec.decode(W3CHttpResponseCodec.java:122)
	at org.openqa.selenium.remote.http.W3CHttpResponseCodec.decode(W3CHttpResponseCodec.java:49)
	at org.openqa.selenium.remote.HttpCommandExecutor.execute(HttpCommandExecutor.java:158)
	at org.openqa.selenium.remote.service.DriverCommandExecutor.execute(DriverCommandExecutor.java:83)
	at org.openqa.selenium.remote.RemoteWebDriver.execute(RemoteWebDriver.java:552)
	at org.openqa.selenium.remote.RemoteWebElement.execute(RemoteWebElement.java:285)
	at org.openqa.selenium.remote.RemoteWebElement.click(RemoteWebElement.java:84)
	at sun.reflect.GeneratedMethodAccessor113.invoke(Unknown Source)
	at sun.reflect.DelegatingMethodAccessorImpl.invoke(DelegatingMethodAccessorImpl.java:43)
	at java.lang.reflect.Method.invoke(Method.java:498)
	at org.openqa.selenium.support.pagefactory.internal.LocatingElementHandler.invoke(LocatingElementHandler.java:51)
	at com.sun.proxy.$Proxy18.click(Unknown Source)
	at com.lms.pages.UserPage.click_sorticon_name(UserPage.java:176)
	at stepdefinitions.UserTableHeaderSteps.user_clicks_sort_icon_in_table_header(UserTableHeaderSteps.java:70)
	at ✽.User clicks sort icon in table header(file:///D:/JavaSeleniumExamples/LMSNinjaHuntersBDD/src/test/resources/features/Feature5userfeatures/step6_user_tableheader.feature:12)
]]></failure>
</testcase>
<testcase classname="Table header" name="User checks Checkbox in table header" time="1.058">
<failure message="element click intercepted: Element &lt;div role=&quot;checkbox&quot; ng-reflect-ng-class=&quot;[object Object]&quot; class=&quot;p-checkbox-box&quot;&gt;...&lt;/div&gt; is not clickable at point (195, 218). Other element would receive the click: &lt;div class=&quot;ng-tns-c132-15 p-dialog-mask p-component-overlay p-dialog-mask-scrollblocker ng-star-inserted&quot; ng-reflect-ng-class=&quot;[object Object]&quot; style=&quot;z-index: 1019;&quot;&gt;...&lt;/div&gt;&#10;  (Session info: chrome=105.0.5195.127)&#10;Build info: version: '3.141.59', revision: 'e82be7d358', time: '2018-11-14T08:17:03'&#10;System info: host: 'DESKTOP-VUHI299', ip: '192.168.0.41', os.name: 'Windows 11', os.arch: 'amd64', os.version: '10.0', java.version: '1.8.0_333'&#10;Driver info: org.openqa.selenium.chrome.ChromeDriver&#10;Capabilities {acceptInsecureCerts: false, browserName: chrome, browserVersion: 105.0.5195.127, chrome: {chromedriverVersion: 105.0.5195.52 (412c95e51883..., userDataDir: C:\Users\Lalitha\AppData\Lo...}, goog:chromeOptions: {debuggerAddress: localhost:59412}, javascriptEnabled: true, networkConnectionEnabled: false, pageLoadStrategy: normal, platform: WINDOWS, platformName: WINDOWS, proxy: Proxy(), setWindowRect: true, strictFileInteractability: false, timeouts: {implicit: 0, pageLoad: 300000, script: 30000}, unhandledPromptBehavior: dismiss and notify, webauthn:extension:credBlob: true, webauthn:extension:largeBlob: true, webauthn:virtualAuthenticators: true}&#10;Session ID: ebfacce6979c2065c12af688c046060b" type="org.openqa.selenium.ElementClickInterceptedException"><![CDATA[Given User table is displayed in manage user page...........................passed
When User checks empty checkbox in header...................................failed
Then check box in all rows of user table should be checked..................skipped

StackTrace:
org.openqa.selenium.ElementClickInterceptedException: element click intercepted: Element <div role="checkbox" ng-reflect-ng-class="[object Object]" class="p-checkbox-box">...</div> is not clickable at point (195, 218). Other element would receive the click: <div class="ng-tns-c132-15 p-dialog-mask p-component-overlay p-dialog-mask-scrollblocker ng-star-inserted" ng-reflect-ng-class="[object Object]" style="z-index: 1019;">...</div>
  (Session info: chrome=105.0.5195.127)
Build info: version: '3.141.59', revision: 'e82be7d358', time: '2018-11-14T08:17:03'
System info: host: 'DESKTOP-VUHI299', ip: '192.168.0.41', os.name: 'Windows 11', os.arch: 'amd64', os.version: '10.0', java.version: '1.8.0_333'
Driver info: org.openqa.selenium.chrome.ChromeDriver
Capabilities {acceptInsecureCerts: false, browserName: chrome, browserVersion: 105.0.5195.127, chrome: {chromedriverVersion: 105.0.5195.52 (412c95e51883..., userDataDir: C:\Users\Lalitha\AppData\Lo...}, goog:chromeOptions: {debuggerAddress: localhost:59412}, javascriptEnabled: true, networkConnectionEnabled: false, pageLoadStrategy: normal, platform: WINDOWS, platformName: WINDOWS, proxy: Proxy(), setWindowRect: true, strictFileInteractability: false, timeouts: {implicit: 0, pageLoad: 300000, script: 30000}, unhandledPromptBehavior: dismiss and notify, webauthn:extension:credBlob: true, webauthn:extension:largeBlob: true, webauthn:virtualAuthenticators: true}
Session ID: ebfacce6979c2065c12af688c046060b
	at sun.reflect.NativeConstructorAccessorImpl.newInstance0(Native Method)
	at sun.reflect.NativeConstructorAccessorImpl.newInstance(NativeConstructorAccessorImpl.java:62)
	at sun.reflect.DelegatingConstructorAccessorImpl.newInstance(DelegatingConstructorAccessorImpl.java:45)
	at java.lang.reflect.Constructor.newInstance(Constructor.java:423)
	at org.openqa.selenium.remote.http.W3CHttpResponseCodec.createException(W3CHttpResponseCodec.java:187)
	at org.openqa.selenium.remote.http.W3CHttpResponseCodec.decode(W3CHttpResponseCodec.java:122)
	at org.openqa.selenium.remote.http.W3CHttpResponseCodec.decode(W3CHttpResponseCodec.java:49)
	at org.openqa.selenium.remote.HttpCommandExecutor.execute(HttpCommandExecutor.java:158)
	at org.openqa.selenium.remote.service.DriverCommandExecutor.execute(DriverCommandExecutor.java:83)
	at org.openqa.selenium.remote.RemoteWebDriver.execute(RemoteWebDriver.java:552)
	at org.openqa.selenium.remote.RemoteWebElement.execute(RemoteWebElement.java:285)
	at org.openqa.selenium.remote.RemoteWebElement.click(RemoteWebElement.java:84)
	at sun.reflect.GeneratedMethodAccessor113.invoke(Unknown Source)
	at sun.reflect.DelegatingMethodAccessorImpl.invoke(DelegatingMethodAccessorImpl.java:43)
	at java.lang.reflect.Method.invoke(Method.java:498)
	at org.openqa.selenium.support.pagefactory.internal.LocatingElementHandler.invoke(LocatingElementHandler.java:51)
	at com.sun.proxy.$Proxy18.click(Unknown Source)
	at com.lms.pages.UserPage.click_header_checkbox(UserPage.java:236)
	at stepdefinitions.UserTableHeaderSteps.user_checks_empty_checkbox_in_header(UserTableHeaderSteps.java:85)
	at ✽.User checks empty checkbox in header(file:///D:/JavaSeleniumExamples/LMSNinjaHuntersBDD/src/test/resources/features/Feature5userfeatures/step6_user_tableheader.feature:17)
]]></failure>
</testcase>
<testcase classname="Table header" name="User unchecks Checkbox in table header" time="10.053">
<failure message="no such element: Unable to locate element: {&quot;method&quot;:&quot;xpath&quot;,&quot;selector&quot;:&quot;//div[@class='p-checkbox-box p-highlight']&quot;}&#10;  (Session info: chrome=105.0.5195.127)&#10;For documentation on this error, please visit: https://www.seleniumhq.org/exceptions/no_such_element.html&#10;Build info: version: '3.141.59', revision: 'e82be7d358', time: '2018-11-14T08:17:03'&#10;System info: host: 'DESKTOP-VUHI299', ip: '192.168.0.41', os.name: 'Windows 11', os.arch: 'amd64', os.version: '10.0', java.version: '1.8.0_333'&#10;Driver info: org.openqa.selenium.chrome.ChromeDriver&#10;Capabilities {acceptInsecureCerts: false, browserName: chrome, browserVersion: 105.0.5195.127, chrome: {chromedriverVersion: 105.0.5195.52 (412c95e51883..., userDataDir: C:\Users\Lalitha\AppData\Lo...}, goog:chromeOptions: {debuggerAddress: localhost:59412}, javascriptEnabled: true, networkConnectionEnabled: false, pageLoadStrategy: normal, platform: WINDOWS, platformName: WINDOWS, proxy: Proxy(), setWindowRect: true, strictFileInteractability: false, timeouts: {implicit: 0, pageLoad: 300000, script: 30000}, unhandledPromptBehavior: dismiss and notify, webauthn:extension:credBlob: true, webauthn:extension:largeBlob: true, webauthn:virtualAuthenticators: true}&#10;Session ID: ebfacce6979c2065c12af688c046060b&#10;*** Element info: {Using=xpath, value=//div[@class='p-checkbox-box p-highlight']}" type="org.openqa.selenium.NoSuchElementException"><![CDATA[Given User table is displayed in manage user page...........................passed
When User unchecks empty checkbox in header.................................failed
Then check box in all rows of user table should be unchecked................skipped

StackTrace:
org.openqa.selenium.NoSuchElementException: no such element: Unable to locate element: {"method":"xpath","selector":"//div[@class='p-checkbox-box p-highlight']"}
  (Session info: chrome=105.0.5195.127)
For documentation on this error, please visit: https://www.seleniumhq.org/exceptions/no_such_element.html
Build info: version: '3.141.59', revision: 'e82be7d358', time: '2018-11-14T08:17:03'
System info: host: 'DESKTOP-VUHI299', ip: '192.168.0.41', os.name: 'Windows 11', os.arch: 'amd64', os.version: '10.0', java.version: '1.8.0_333'
Driver info: org.openqa.selenium.chrome.ChromeDriver
Capabilities {acceptInsecureCerts: false, browserName: chrome, browserVersion: 105.0.5195.127, chrome: {chromedriverVersion: 105.0.5195.52 (412c95e51883..., userDataDir: C:\Users\Lalitha\AppData\Lo...}, goog:chromeOptions: {debuggerAddress: localhost:59412}, javascriptEnabled: true, networkConnectionEnabled: false, pageLoadStrategy: normal, platform: WINDOWS, platformName: WINDOWS, proxy: Proxy(), setWindowRect: true, strictFileInteractability: false, timeouts: {implicit: 0, pageLoad: 300000, script: 30000}, unhandledPromptBehavior: dismiss and notify, webauthn:extension:credBlob: true, webauthn:extension:largeBlob: true, webauthn:virtualAuthenticators: true}
Session ID: ebfacce6979c2065c12af688c046060b
*** Element info: {Using=xpath, value=//div[@class='p-checkbox-box p-highlight']}
	at sun.reflect.NativeConstructorAccessorImpl.newInstance0(Native Method)
	at sun.reflect.NativeConstructorAccessorImpl.newInstance(NativeConstructorAccessorImpl.java:62)
	at sun.reflect.DelegatingConstructorAccessorImpl.newInstance(DelegatingConstructorAccessorImpl.java:45)
	at java.lang.reflect.Constructor.newInstance(Constructor.java:423)
	at org.openqa.selenium.remote.http.W3CHttpResponseCodec.createException(W3CHttpResponseCodec.java:187)
	at org.openqa.selenium.remote.http.W3CHttpResponseCodec.decode(W3CHttpResponseCodec.java:122)
	at org.openqa.selenium.remote.http.W3CHttpResponseCodec.decode(W3CHttpResponseCodec.java:49)
	at org.openqa.selenium.remote.HttpCommandExecutor.execute(HttpCommandExecutor.java:158)
	at org.openqa.selenium.remote.service.DriverCommandExecutor.execute(DriverCommandExecutor.java:83)
	at org.openqa.selenium.remote.RemoteWebDriver.execute(RemoteWebDriver.java:552)
	at org.openqa.selenium.remote.RemoteWebDriver.findElement(RemoteWebDriver.java:323)
	at org.openqa.selenium.remote.RemoteWebDriver.findElementByXPath(RemoteWebDriver.java:428)
	at org.openqa.selenium.By$ByXPath.findElement(By.java:353)
	at org.openqa.selenium.remote.RemoteWebDriver.findElement(RemoteWebDriver.java:315)
	at com.lms.pages.UserPage.unclick_header_checkbox(UserPage.java:281)
	at stepdefinitions.UserTableHeaderSteps.user_unchecks_empty_checkbox_in_header(UserTableHeaderSteps.java:107)
	at ✽.User unchecks empty checkbox in header(file:///D:/JavaSeleniumExamples/LMSNinjaHuntersBDD/src/test/resources/features/Feature5userfeatures/step6_user_tableheader.feature:22)
]]></failure>
</testcase>
<testcase classname="Delete icon" name="Verifying the presence of Delete icon in manage user page" time="3.057">
<system-out><![CDATA[Given User is on any page after login.......................................passed
When User is on the Manage user page after clicking User Tab................passed
Then User should see the delete icon at the top left corner of the user table.passed
]]></system-out>
</testcase>
<testcase classname="Delete icon" name="Behaviour of delete icon when rows unchecked" time="8.235">
<system-out><![CDATA[Given User table is displayed in manage user page...........................passed
When no rows is checked.....................................................passed
Then Delete icon on the top left corner of the user table disabled..........passed
]]></system-out>
</testcase>
<testcase classname="Delete icon" name="Behaviour of delete icon when rows checked" time="1.136">
<failure message="element click intercepted: Element &lt;div role=&quot;checkbox&quot; ng-reflect-ng-class=&quot;[object Object]&quot; aria-checked=&quot;false&quot; class=&quot;p-checkbox-box p-component&quot;&gt;...&lt;/div&gt; is not clickable at point (195, 280). Other element would receive the click: &lt;div class=&quot;ng-tns-c132-15 p-dialog-mask p-component-overlay p-dialog-mask-scrollblocker ng-star-inserted&quot; ng-reflect-ng-class=&quot;[object Object]&quot; style=&quot;z-index: 1019;&quot;&gt;...&lt;/div&gt;&#10;  (Session info: chrome=105.0.5195.127)&#10;Build info: version: '3.141.59', revision: 'e82be7d358', time: '2018-11-14T08:17:03'&#10;System info: host: 'DESKTOP-VUHI299', ip: '192.168.0.41', os.name: 'Windows 11', os.arch: 'amd64', os.version: '10.0', java.version: '1.8.0_333'&#10;Driver info: org.openqa.selenium.chrome.ChromeDriver&#10;Capabilities {acceptInsecureCerts: false, browserName: chrome, browserVersion: 105.0.5195.127, chrome: {chromedriverVersion: 105.0.5195.52 (412c95e51883..., userDataDir: C:\Users\Lalitha\AppData\Lo...}, goog:chromeOptions: {debuggerAddress: localhost:59412}, javascriptEnabled: true, networkConnectionEnabled: false, pageLoadStrategy: normal, platform: WINDOWS, platformName: WINDOWS, proxy: Proxy(), setWindowRect: true, strictFileInteractability: false, timeouts: {implicit: 0, pageLoad: 300000, script: 30000}, unhandledPromptBehavior: dismiss and notify, webauthn:extension:credBlob: true, webauthn:extension:largeBlob: true, webauthn:virtualAuthenticators: true}&#10;Session ID: ebfacce6979c2065c12af688c046060b" type="org.openqa.selenium.ElementClickInterceptedException"><![CDATA[Given User table is displayed in manage user page...........................passed
When User checks rows in the user table.....................................failed
Then Delete icon on the top left corner of the user table enabled...........skipped

StackTrace:
org.openqa.selenium.ElementClickInterceptedException: element click intercepted: Element <div role="checkbox" ng-reflect-ng-class="[object Object]" aria-checked="false" class="p-checkbox-box p-component">...</div> is not clickable at point (195, 280). Other element would receive the click: <div class="ng-tns-c132-15 p-dialog-mask p-component-overlay p-dialog-mask-scrollblocker ng-star-inserted" ng-reflect-ng-class="[object Object]" style="z-index: 1019;">...</div>
  (Session info: chrome=105.0.5195.127)
Build info: version: '3.141.59', revision: 'e82be7d358', time: '2018-11-14T08:17:03'
System info: host: 'DESKTOP-VUHI299', ip: '192.168.0.41', os.name: 'Windows 11', os.arch: 'amd64', os.version: '10.0', java.version: '1.8.0_333'
Driver info: org.openqa.selenium.chrome.ChromeDriver
Capabilities {acceptInsecureCerts: false, browserName: chrome, browserVersion: 105.0.5195.127, chrome: {chromedriverVersion: 105.0.5195.52 (412c95e51883..., userDataDir: C:\Users\Lalitha\AppData\Lo...}, goog:chromeOptions: {debuggerAddress: localhost:59412}, javascriptEnabled: true, networkConnectionEnabled: false, pageLoadStrategy: normal, platform: WINDOWS, platformName: WINDOWS, proxy: Proxy(), setWindowRect: true, strictFileInteractability: false, timeouts: {implicit: 0, pageLoad: 300000, script: 30000}, unhandledPromptBehavior: dismiss and notify, webauthn:extension:credBlob: true, webauthn:extension:largeBlob: true, webauthn:virtualAuthenticators: true}
Session ID: ebfacce6979c2065c12af688c046060b
	at sun.reflect.NativeConstructorAccessorImpl.newInstance0(Native Method)
	at sun.reflect.NativeConstructorAccessorImpl.newInstance(NativeConstructorAccessorImpl.java:62)
	at sun.reflect.DelegatingConstructorAccessorImpl.newInstance(DelegatingConstructorAccessorImpl.java:45)
	at java.lang.reflect.Constructor.newInstance(Constructor.java:423)
	at org.openqa.selenium.remote.http.W3CHttpResponseCodec.createException(W3CHttpResponseCodec.java:187)
	at org.openqa.selenium.remote.http.W3CHttpResponseCodec.decode(W3CHttpResponseCodec.java:122)
	at org.openqa.selenium.remote.http.W3CHttpResponseCodec.decode(W3CHttpResponseCodec.java:49)
	at org.openqa.selenium.remote.HttpCommandExecutor.execute(HttpCommandExecutor.java:158)
	at org.openqa.selenium.remote.service.DriverCommandExecutor.execute(DriverCommandExecutor.java:83)
	at org.openqa.selenium.remote.RemoteWebDriver.execute(RemoteWebDriver.java:552)
	at org.openqa.selenium.remote.RemoteWebElement.execute(RemoteWebElement.java:285)
	at org.openqa.selenium.remote.RemoteWebElement.click(RemoteWebElement.java:84)
	at com.lms.pages.UserPage.selectAllrows(UserPage.java:260)
	at stepdefinitions.UserDeleteiconSteps.user_checks_rows_in_the_user_table(UserDeleteiconSteps.java:47)
	at ✽.User checks rows in the user table(file:///D:/JavaSeleniumExamples/LMSNinjaHuntersBDD/src/test/resources/features/Feature5userfeatures/step7_deleteicon.feature:17)
]]></failure>
</testcase>
<testcase classname="Logout" name="Logging out" time="1.867">
<system-out><![CDATA[Given User has completed all the workflows..................................passed
When User clicks on logout..................................................passed
Then LMS login page should be landed........................................passed
]]></system-out>
</testcase>
</testsuite>
