-------------------------------------------------------------------------------
Test set: testrunner.TestRunner
-------------------------------------------------------------------------------
Tests run: 126, Failures: 0, Errors: 20, Skipped: 0, Time elapsed: 160.812 s <<< FAILURE! - in testrunner.TestRunner
Heading.Validating the heading of Registration form  Time elapsed: 0.226 s  <<< ERROR!
java.lang.NullPointerException
	at org.openqa.selenium.support.pagefactory.DefaultElementLocator.findElement(DefaultElementLocator.java:69)
	at org.openqa.selenium.support.pagefactory.internal.LocatingElementHandler.invoke(LocatingElementHandler.java:38)
	at com.sun.proxy.$Proxy19.click(Unknown Source)
	at com.lms.pages.RegistrationPage.registration_click(RegistrationPage.java:45)
	at stepdefinitions.RegistrationHeadingSteps.user_lands_on_registration_page(RegistrationHeadingSteps.java:25)
	at ✽.User lands on Registration page(file:///D:/JavaSeleniumExamples/LMSNinjaHuntersBDD/src/test/resources/features/Feature0registerfeatures/Step1_RegistrationHeading.feature:6)

Heading.Validating the heading of Registration form  Time elapsed: 0.227 s  <<< ERROR!
java.lang.NullPointerException
	at stepdefinitions.Hooks.takeScreenshot(Hooks.java:20)

Login Button.Validating the Login button visibility  Time elapsed: 0.019 s  <<< ERROR!
java.lang.NullPointerException
	at org.openqa.selenium.support.pagefactory.DefaultElementLocator.findElement(DefaultElementLocator.java:69)
	at org.openqa.selenium.support.pagefactory.internal.LocatingElementHandler.invoke(LocatingElementHandler.java:38)
	at com.sun.proxy.$Proxy19.click(Unknown Source)
	at com.lms.pages.RegistrationPage.registration_click(RegistrationPage.java:45)
	at stepdefinitions.RegistrationHeadingSteps.user_lands_on_registration_page(RegistrationHeadingSteps.java:25)
	at ✽.User lands on Registration page(file:///D:/JavaSeleniumExamples/LMSNinjaHuntersBDD/src/test/resources/features/Feature0registerfeatures/Step2_RegistrationLogin.feature:6)

Login Button.Validating the Login button visibility  Time elapsed: 0.019 s  <<< ERROR!
java.lang.NullPointerException
	at stepdefinitions.Hooks.takeScreenshot(Hooks.java:20)

Login Button.Validating the Login button functionality  Time elapsed: 0.02 s  <<< ERROR!
java.lang.NullPointerException
	at org.openqa.selenium.support.pagefactory.DefaultElementLocator.findElement(DefaultElementLocator.java:69)
	at org.openqa.selenium.support.pagefactory.internal.LocatingElementHandler.invoke(LocatingElementHandler.java:38)
	at com.sun.proxy.$Proxy19.click(Unknown Source)
	at com.lms.pages.RegistrationPage.click_login(RegistrationPage.java:41)
	at stepdefinitions.RegistrationLoginSteps.user_selects_the_log_in_button(RegistrationLoginSteps.java:26)
	at ✽.User selects the Log in Button(file:///D:/JavaSeleniumExamples/LMSNinjaHuntersBDD/src/test/resources/features/Feature0registerfeatures/Step2_RegistrationLogin.feature:11)

Login Button.Validating the Login button functionality  Time elapsed: 0.02 s  <<< ERROR!
java.lang.NullPointerException
	at stepdefinitions.Hooks.takeScreenshot(Hooks.java:20)

Sing Up Button.Validating the Sign Up button visibility  Time elapsed: 0.019 s  <<< ERROR!
java.lang.NullPointerException
	at org.openqa.selenium.support.pagefactory.DefaultElementLocator.findElement(DefaultElementLocator.java:69)
	at org.openqa.selenium.support.pagefactory.internal.LocatingElementHandler.invoke(LocatingElementHandler.java:38)
	at com.sun.proxy.$Proxy19.click(Unknown Source)
	at com.lms.pages.RegistrationPage.registration_click(RegistrationPage.java:45)
	at stepdefinitions.RegistrationHeadingSteps.user_lands_on_registration_page(RegistrationHeadingSteps.java:25)
	at ✽.User lands on Registration page(file:///D:/JavaSeleniumExamples/LMSNinjaHuntersBDD/src/test/resources/features/Feature0registerfeatures/Step3_RegistrationSignUp.feature:6)

Sing Up Button.Validating the Sign Up button visibility  Time elapsed: 0.019 s  <<< ERROR!
java.lang.NullPointerException
	at stepdefinitions.Hooks.takeScreenshot(Hooks.java:20)

Validating text fields on the registration page.User fills the First Name field  Time elapsed: 0.05 s  <<< ERROR!
io.cucumber.junit.UndefinedStepException: 
The step 'User fills the 'First Name' in Alphabets only' and 1 other step(s) are undefined.
You can implement these steps using the snippet(s) below:

@When("User fills the {string} in Alphabets only")
public void user_fills_the_in_alphabets_only(String string, io.cucumber.datatable.DataTable dataTable) {
    // Write code here that turns the phrase above into concrete actions
    // For automatic transformation, change DataTable to one of
    // E, List<E>, List<List<E>>, List<Map<K,V>>, Map<K,V> or
    // Map<K, List<V>>. E,K,V must be a String, Integer, Float,
    // Double, Byte, Short, Long, BigInteger or BigDecimal.
    //
    // For other transformations you can register a DataTableType.
    throw new io.cucumber.java.PendingException();
}
@Then("{string} will be displayed")
public void will_be_displayed(String string) {
    // Write code here that turns the phrase above into concrete actions
    throw new io.cucumber.java.PendingException();
}


Validating text fields on the registration page.User fills the Last Name field  Time elapsed: 0.012 s  <<< ERROR!
io.cucumber.junit.UndefinedStepException: 
The step 'User fills the 'Last Name' in Alphabets only' and 1 other step(s) are undefined.
You can implement these steps using the snippet(s) below:

@When("User fills the {string} in Alphabets only")
public void user_fills_the_in_alphabets_only(String string, io.cucumber.datatable.DataTable dataTable) {
    // Write code here that turns the phrase above into concrete actions
    // For automatic transformation, change DataTable to one of
    // E, List<E>, List<List<E>>, List<Map<K,V>>, Map<K,V> or
    // Map<K, List<V>>. E,K,V must be a String, Integer, Float,
    // Double, Byte, Short, Long, BigInteger or BigDecimal.
    //
    // For other transformations you can register a DataTableType.
    throw new io.cucumber.java.PendingException();
}
@Then("{string} will be displayed")
public void will_be_displayed(String string) {
    // Write code here that turns the phrase above into concrete actions
    throw new io.cucumber.java.PendingException();
}


Validating text fields on the registration page.User fills the Address field  Time elapsed: 0.015 s  <<< ERROR!
io.cucumber.junit.UndefinedStepException: 
The step ''Address' will be displayed' is undefined.
You can implement this step using the snippet(s) below:

@Then("{string} will be displayed")
public void will_be_displayed(String string) {
    // Write code here that turns the phrase above into concrete actions
    throw new io.cucumber.java.PendingException();
}


Validating text fields on the registration page.User fills the Street Name field  Time elapsed: 0.011 s  <<< ERROR!
io.cucumber.junit.UndefinedStepException: 
The step ''Street Name' will be displayed' is undefined.
You can implement this step using the snippet(s) below:

@Then("{string} will be displayed")
public void will_be_displayed(String string) {
    // Write code here that turns the phrase above into concrete actions
    throw new io.cucumber.java.PendingException();
}


Validating text fields on the registration page.User fills the City Name field  Time elapsed: 0.012 s  <<< ERROR!
io.cucumber.junit.UndefinedStepException: 
The step 'User fills the 'City Name' in Alphabets only' and 1 other step(s) are undefined.
You can implement these steps using the snippet(s) below:

@When("User fills the {string} in Alphabets only")
public void user_fills_the_in_alphabets_only(String string, io.cucumber.datatable.DataTable dataTable) {
    // Write code here that turns the phrase above into concrete actions
    // For automatic transformation, change DataTable to one of
    // E, List<E>, List<List<E>>, List<Map<K,V>>, Map<K,V> or
    // Map<K, List<V>>. E,K,V must be a String, Integer, Float,
    // Double, Byte, Short, Long, BigInteger or BigDecimal.
    //
    // For other transformations you can register a DataTableType.
    throw new io.cucumber.java.PendingException();
}
@Then("{string} will be displayed")
public void will_be_displayed(String string) {
    // Write code here that turns the phrase above into concrete actions
    throw new io.cucumber.java.PendingException();
}


Validating text fields on the registration page.User selects the State field  Time elapsed: 0.009 s  <<< ERROR!
io.cucumber.junit.UndefinedStepException: 
The step ''State Name' will be displayed' is undefined.
You can implement this step using the snippet(s) below:

@Then("{string} will be displayed")
public void will_be_displayed(String string) {
    // Write code here that turns the phrase above into concrete actions
    throw new io.cucumber.java.PendingException();
}


Validating text fields on the registration page.User fills the Zip field  Time elapsed: 0.013 s  <<< ERROR!
io.cucumber.junit.UndefinedStepException: 
The step ''Zip Code' will be displayed' is undefined.
You can implement this step using the snippet(s) below:

@Then("{string} will be displayed")
public void will_be_displayed(String string) {
    // Write code here that turns the phrase above into concrete actions
    throw new io.cucumber.java.PendingException();
}


Validating text fields on the registration page.User selects the Birth Date  Time elapsed: 0.009 s  <<< ERROR!
io.cucumber.junit.UndefinedStepException: 
The step ''Birth Date' will be displayed' is undefined.
You can implement this step using the snippet(s) below:

@Then("{string} will be displayed")
public void will_be_displayed(String string) {
    // Write code here that turns the phrase above into concrete actions
    throw new io.cucumber.java.PendingException();
}


Validating text fields on the registration page.User fills the UserName  Time elapsed: 0.01 s  <<< ERROR!
io.cucumber.junit.UndefinedStepException: 
The step ''UserName' will be displayed' is undefined.
You can implement this step using the snippet(s) below:

@Then("{string} will be displayed")
public void will_be_displayed(String string) {
    // Write code here that turns the phrase above into concrete actions
    throw new io.cucumber.java.PendingException();
}


Validating text fields on the registration page.User fills the Phone Number  Time elapsed: 0.016 s  <<< ERROR!
io.cucumber.junit.UndefinedStepException: 
The step ''Mobile Number' will be displayed' is undefined.
You can implement this step using the snippet(s) below:

@Then("{string} will be displayed")
public void will_be_displayed(String string) {
    // Write code here that turns the phrase above into concrete actions
    throw new io.cucumber.java.PendingException();
}


Validating text fields on the registration page.User fills the Email  Time elapsed: 0.011 s  <<< ERROR!
io.cucumber.junit.UndefinedStepException: 
The step ''Email' will be displayed' is undefined.
You can implement this step using the snippet(s) below:

@Then("{string} will be displayed")
public void will_be_displayed(String string) {
    // Write code here that turns the phrase above into concrete actions
    throw new io.cucumber.java.PendingException();
}


Validating text fields on the registration page.User fills the Password  Time elapsed: 0.015 s  <<< ERROR!
io.cucumber.junit.UndefinedStepException: 
The step ''UserPassword' will be displayed' is undefined.
You can implement this step using the snippet(s) below:

@Then("{string} will be displayed")
public void will_be_displayed(String string) {
    // Write code here that turns the phrase above into concrete actions
    throw new io.cucumber.java.PendingException();
}


